{
  "D:\\Projects\\custom-playground\\g-diagrams\\src\\conversions\\text-to-diagram\\diagram-class-parser.spec.ts": {
    "path": "D:\\Projects\\custom-playground\\g-diagrams\\src\\conversions\\text-to-diagram\\diagram-class-parser.spec.ts",
    "statementMap": {
      "0": {
        "start": {
          "line": 2,
          "column": 0
        },
        "end": {
          "line": 2,
          "column": 62
        }
      },
      "1": {
        "start": {
          "line": 3,
          "column": 0
        },
        "end": {
          "line": 3,
          "column": 17
        }
      },
      "2": {
        "start": {
          "line": 4,
          "column": 13
        },
        "end": {
          "line": 4,
          "column": 28
        }
      },
      "3": {
        "start": {
          "line": 5,
          "column": 29
        },
        "end": {
          "line": 5,
          "column": 62
        }
      },
      "4": {
        "start": {
          "line": 6,
          "column": 31
        },
        "end": {
          "line": 6,
          "column": 76
        }
      },
      "5": {
        "start": {
          "line": 7,
          "column": 28
        },
        "end": {
          "line": 7,
          "column": 77
        }
      },
      "6": {
        "start": {
          "line": 8,
          "column": 29
        },
        "end": {
          "line": 8,
          "column": 79
        }
      },
      "7": {
        "start": {
          "line": 9,
          "column": 32
        },
        "end": {
          "line": 9,
          "column": 85
        }
      },
      "8": {
        "start": {
          "line": 10,
          "column": 21
        },
        "end": {
          "line": 10,
          "column": 63
        }
      },
      "9": {
        "start": {
          "line": 11,
          "column": 0
        },
        "end": {
          "line": 254,
          "column": 3
        }
      },
      "10": {
        "start": {
          "line": 12,
          "column": 4
        },
        "end": {
          "line": 127,
          "column": 7
        }
      },
      "11": {
        "start": {
          "line": 14,
          "column": 21
        },
        "end": {
          "line": 18,
          "column": 10
        }
      },
      "12": {
        "start": {
          "line": 19,
          "column": 8
        },
        "end": {
          "line": 30,
          "column": 11
        }
      },
      "13": {
        "start": {
          "line": 31,
          "column": 8
        },
        "end": {
          "line": 42,
          "column": 11
        }
      },
      "14": {
        "start": {
          "line": 43,
          "column": 8
        },
        "end": {
          "line": 54,
          "column": 11
        }
      },
      "15": {
        "start": {
          "line": 55,
          "column": 8
        },
        "end": {
          "line": 66,
          "column": 11
        }
      },
      "16": {
        "start": {
          "line": 67,
          "column": 8
        },
        "end": {
          "line": 78,
          "column": 11
        }
      },
      "17": {
        "start": {
          "line": 79,
          "column": 8
        },
        "end": {
          "line": 90,
          "column": 11
        }
      },
      "18": {
        "start": {
          "line": 91,
          "column": 8
        },
        "end": {
          "line": 102,
          "column": 11
        }
      },
      "19": {
        "start": {
          "line": 103,
          "column": 8
        },
        "end": {
          "line": 114,
          "column": 11
        }
      },
      "20": {
        "start": {
          "line": 115,
          "column": 8
        },
        "end": {
          "line": 126,
          "column": 11
        }
      },
      "21": {
        "start": {
          "line": 128,
          "column": 4
        },
        "end": {
          "line": 241,
          "column": 7
        }
      },
      "22": {
        "start": {
          "line": 130,
          "column": 21
        },
        "end": {
          "line": 134,
          "column": 10
        }
      },
      "23": {
        "start": {
          "line": 135,
          "column": 8
        },
        "end": {
          "line": 144,
          "column": 11
        }
      },
      "24": {
        "start": {
          "line": 145,
          "column": 8
        },
        "end": {
          "line": 154,
          "column": 11
        }
      },
      "25": {
        "start": {
          "line": 155,
          "column": 8
        },
        "end": {
          "line": 172,
          "column": 11
        }
      },
      "26": {
        "start": {
          "line": 173,
          "column": 8
        },
        "end": {
          "line": 190,
          "column": 11
        }
      },
      "27": {
        "start": {
          "line": 191,
          "column": 8
        },
        "end": {
          "line": 208,
          "column": 11
        }
      },
      "28": {
        "start": {
          "line": 209,
          "column": 8
        },
        "end": {
          "line": 240,
          "column": 11
        }
      },
      "29": {
        "start": {
          "line": 242,
          "column": 4
        },
        "end": {
          "line": 253,
          "column": 7
        }
      },
      "30": {
        "start": {
          "line": 243,
          "column": 21
        },
        "end": {
          "line": 243,
          "column": 68
        }
      },
      "31": {
        "start": {
          "line": 244,
          "column": 17
        },
        "end": {
          "line": 244,
          "column": 59
        }
      },
      "32": {
        "start": {
          "line": 244,
          "column": 68
        },
        "end": {
          "line": 244,
          "column": 75
        }
      },
      "33": {
        "start": {
          "line": 244,
          "column": 88
        },
        "end": {
          "line": 244,
          "column": 99
        }
      },
      "34": {
        "start": {
          "line": 244,
          "column": 108
        },
        "end": {
          "line": 244,
          "column": 115
        }
      },
      "35": {
        "start": {
          "line": 245,
          "column": 8
        },
        "end": {
          "line": 245,
          "column": 87
        }
      },
      "36": {
        "start": {
          "line": 246,
          "column": 22
        },
        "end": {
          "line": 246,
          "column": 85
        }
      },
      "37": {
        "start": {
          "line": 247,
          "column": 8
        },
        "end": {
          "line": 247,
          "column": 49
        }
      },
      "38": {
        "start": {
          "line": 248,
          "column": 28
        },
        "end": {
          "line": 248,
          "column": 43
        }
      },
      "39": {
        "start": {
          "line": 249,
          "column": 8
        },
        "end": {
          "line": 249,
          "column": 111
        }
      },
      "40": {
        "start": {
          "line": 250,
          "column": 8
        },
        "end": {
          "line": 250,
          "column": 64
        }
      },
      "41": {
        "start": {
          "line": 251,
          "column": 8
        },
        "end": {
          "line": 251,
          "column": 112
        }
      },
      "42": {
        "start": {
          "line": 252,
          "column": 8
        },
        "end": {
          "line": 252,
          "column": 101
        }
      }
    },
    "fnMap": {
      "0": {
        "name": "(anonymous_0)",
        "decl": {
          "start": {
            "line": 11,
            "column": 40
          },
          "end": {
            "line": 11,
            "column": 41
          }
        },
        "loc": {
          "start": {
            "line": 11,
            "column": 52
          },
          "end": {
            "line": 254,
            "column": 1
          }
        },
        "line": 11
      },
      "1": {
        "name": "(anonymous_1)",
        "decl": {
          "start": {
            "line": 12,
            "column": 27
          },
          "end": {
            "line": 12,
            "column": 28
          }
        },
        "loc": {
          "start": {
            "line": 12,
            "column": 39
          },
          "end": {
            "line": 127,
            "column": 5
          }
        },
        "line": 12
      },
      "2": {
        "name": "(anonymous_2)",
        "decl": {
          "start": {
            "line": 128,
            "column": 24
          },
          "end": {
            "line": 128,
            "column": 25
          }
        },
        "loc": {
          "start": {
            "line": 128,
            "column": 36
          },
          "end": {
            "line": 241,
            "column": 5
          }
        },
        "line": 128
      },
      "3": {
        "name": "(anonymous_3)",
        "decl": {
          "start": {
            "line": 242,
            "column": 28
          },
          "end": {
            "line": 242,
            "column": 29
          }
        },
        "loc": {
          "start": {
            "line": 242,
            "column": 40
          },
          "end": {
            "line": 253,
            "column": 5
          }
        },
        "line": 242
      }
    },
    "branchMap": {},
    "s": {
      "0": 1,
      "1": 1,
      "2": 1,
      "3": 1,
      "4": 1,
      "5": 1,
      "6": 1,
      "7": 1,
      "8": 1,
      "9": 1,
      "10": 1,
      "11": 1,
      "12": 1,
      "13": 1,
      "14": 1,
      "15": 1,
      "16": 1,
      "17": 1,
      "18": 1,
      "19": 1,
      "20": 1,
      "21": 1,
      "22": 1,
      "23": 1,
      "24": 1,
      "25": 1,
      "26": 1,
      "27": 1,
      "28": 1,
      "29": 1,
      "30": 1,
      "31": 1,
      "32": 1,
      "33": 1,
      "34": 1,
      "35": 1,
      "36": 1,
      "37": 1,
      "38": 1,
      "39": 1,
      "40": 1,
      "41": 1,
      "42": 1
    },
    "f": {
      "0": 1,
      "1": 1,
      "2": 1,
      "3": 1
    },
    "b": {},
    "inputSourceMap": {
      "version": 3,
      "file": "D:/Projects/custom-playground/g-diagrams/src/conversions/text-to-diagram/diagram-class-parser.spec.ts",
      "sources": [
        "D:/Projects/custom-playground/g-diagrams/src/conversions/text-to-diagram/diagram-class-parser.spec.ts"
      ],
      "names": [],
      "mappings": ";;AAAA,iBAAe;AACf,6BAA4B;AAC5B,+DAA0D;AAC1D,6EAAwE;AACxE,8EAAyE;AACzE,gFAA2E;AAC3E,sFAAiF;AACjF,gEAA4D;AAE5D,QAAQ,CAAC,6BAA6B,EAAE;IACpC,EAAE,CAAC,kBAAkB,EAAE;;QACnB,IAAM,MAAM,GAAG,IAAI,yCAAkB,CAAC;YAClC,iBAAiB;gBACb,GAAC,+CAAqB,CAAC,OAAO,IAAG,GAAG;mBACvC;SACJ,CAAC,CAAC;QAEH,aAAM,CAAC,MAAM,CAAC,aAAa,CAAC,MAAM,CAAC,CAAC,CAAC,EAAE,CAAC,IAAI,CAAC,KAAK,CAAC;YAC/C,IAAI,EAAE,MAAM;YACZ,IAAI,EAAE,0BAAW,CAAC,OAAO;YACzB,KAAK,EAAE,KAAK;YACZ,QAAQ,EAAE,KAAK;YACf,KAAK,EAAE,SAAS;YAChB,YAAY,EAAE,SAAS;YACvB,MAAM,EAAE,KAAK;YACb,MAAM,EAAE,QAAQ;YAChB,QAAQ,EAAE,KAAK;YACf,WAAW,EAAE,UAAU;SAC1B,CAAC,CAAC;QACH,aAAM,CAAC,MAAM,CAAC,aAAa,CAAC,aAAa,CAAC,CAAC,CAAC,EAAE,CAAC,IAAI,CAAC,KAAK,CAAC;YACtD,IAAI,EAAE,KAAK;YACX,IAAI,EAAE,0BAAW,CAAC,MAAM;YACxB,KAAK,EAAE,KAAK;YACZ,QAAQ,EAAE,KAAK;YACf,KAAK,EAAE,SAAS;YAChB,YAAY,EAAE,SAAS;YACvB,MAAM,EAAE,KAAK;YACb,MAAM,EAAE,QAAQ;YAChB,QAAQ,EAAE,KAAK;YACf,WAAW,EAAE,UAAU;SAC1B,CAAC,CAAC;QACH,aAAM,CAAC,MAAM,CAAC,aAAa,CAAC,mBAAmB,CAAC,CAAC,CAAC,EAAE,CAAC,IAAI,CAAC,KAAK,CAAC;YAC5D,IAAI,EAAE,SAAS;YACf,IAAI,EAAE,0BAAW,CAAC,OAAO;YACzB,KAAK,EAAE,IAAI;YACX,QAAQ,EAAE,KAAK;YACf,KAAK,EAAE,SAAS;YAChB,YAAY,EAAE,SAAS;YACvB,MAAM,EAAE,KAAK;YACb,MAAM,EAAE,QAAQ;YAChB,QAAQ,EAAE,KAAK;YACf,WAAW,EAAE,UAAU;SAC1B,CAAC,CAAC;QACH,aAAM,CAAC,MAAM,CAAC,aAAa,CAAC,4BAA4B,CAAC,CAAC,CAAC,EAAE,CAAC,IAAI,CAAC,KAAK,CAAC;YACrE,IAAI,EAAE,kBAAkB;YACxB,IAAI,EAAE,0BAAW,CAAC,WAAW;YAC7B,KAAK,EAAE,KAAK;YACZ,QAAQ,EAAE,KAAK;YACf,KAAK,EAAE,SAAS;YAChB,YAAY,EAAE,SAAS;YACvB,MAAM,EAAE,KAAK;YACb,MAAM,EAAE,QAAQ;YAChB,QAAQ,EAAE,KAAK;YACf,WAAW,EAAE,UAAU;SAC1B,CAAC,CAAC;QACH,aAAM,CAAC,MAAM,CAAC,aAAa,CAAC,qBAAqB,CAAC,CAAC,CAAC,EAAE,CAAC,IAAI,CAAC,KAAK,CAAC;YAC9D,IAAI,EAAE,WAAW;YACjB,IAAI,EAAE,0BAAW,CAAC,WAAW;YAC7B,KAAK,EAAE,KAAK;YACZ,QAAQ,EAAE,KAAK;YACf,KAAK,EAAE,SAAS;YAChB,YAAY,EAAE,SAAS;YACvB,MAAM,EAAE,KAAK;YACb,MAAM,EAAE,QAAQ;YAChB,QAAQ,EAAE,KAAK;YACf,WAAW,EAAE,UAAU;SAC1B,CAAC,CAAC;QACH,aAAM,CAAC,MAAM,CAAC,aAAa,CAAC,4BAA4B,CAAC,CAAC,CAAC,EAAE,CAAC,IAAI,CAAC,KAAK,CAAC;YACrE,IAAI,EAAE,QAAQ;YACd,IAAI,EAAE,0BAAW,CAAC,MAAM;YACxB,KAAK,EAAE,KAAK;YACZ,QAAQ,EAAE,KAAK;YACf,KAAK,EAAE,WAAW;YAClB,YAAY,EAAE,WAAW;YACzB,MAAM,EAAE,KAAK;YACb,MAAM,EAAE,QAAQ;YAChB,QAAQ,EAAE,KAAK;YACf,WAAW,EAAE,UAAU;SAC1B,CAAC,CAAC;QACH,aAAM,CAAC,MAAM,CAAC,aAAa,CAAC,oBAAoB,CAAC,CAAC,CAAC,EAAE,CAAC,IAAI,CAAC,KAAK,CAAC;YAC7D,IAAI,EAAE,YAAY;YAClB,IAAI,EAAE,0BAAW,CAAC,MAAM;YACxB,KAAK,EAAE,KAAK;YACZ,QAAQ,EAAE,KAAK;YACf,KAAK,EAAE,SAAS;YAChB,YAAY,EAAE,SAAS;YACvB,MAAM,EAAE,KAAK;YACb,MAAM,EAAE,QAAQ;YAChB,QAAQ,EAAE,IAAI;YACd,WAAW,EAAE,UAAU;SAC1B,CAAC,CAAC;QACH,aAAM,CAAC,MAAM,CAAC,aAAa,CAAC,0BAA0B,CAAC,CAAC,CAAC,EAAE,CAAC,IAAI,CAAC,KAAK,CAAC;YACnE,IAAI,EAAE,OAAO;YACb,IAAI,EAAE,0BAAW,CAAC,MAAM;YACxB,KAAK,EAAE,KAAK;YACZ,QAAQ,EAAE,KAAK;YACf,KAAK,EAAE,QAAQ;YACf,YAAY,EAAE,QAAQ;YACtB,MAAM,EAAE,KAAK;YACb,MAAM,EAAE,QAAQ;YAChB,QAAQ,EAAE,IAAI;YACd,WAAW,EAAE,UAAU;SAC1B,CAAC,CAAC;QACH,aAAM,CAAC,MAAM,CAAC,aAAa,CAAC,iCAAiC,CAAC,CAAC,CAAC,EAAE,CAAC,IAAI,CAAC,KAAK,CAAC;YAC1E,IAAI,EAAE,iBAAiB;YACvB,IAAI,EAAE,0BAAW,CAAC,OAAO;YACzB,KAAK,EAAE,KAAK;YACZ,QAAQ,EAAE,KAAK;YACf,KAAK,EAAE,KAAK;YACZ,YAAY,EAAE,KAAK;YACnB,MAAM,EAAE,KAAK;YACb,MAAM,EAAE,+CAAqB,CAAC,SAAS;YACvC,QAAQ,EAAE,KAAK;YACf,WAAW,EAAE,UAAU;SAC1B,CAAC,CAAC;IACP,CAAC,CAAC,CAAC;IACH,EAAE,CAAC,eAAe,EAAE;;QAChB,IAAM,MAAM,GAAG,IAAI,yCAAkB,CAAC;YAClC,iBAAiB;gBACb,GAAC,+CAAqB,CAAC,OAAO,IAAG,GAAG;mBACvC;SACJ,CAAC,CAAC;QAEH,aAAM,CAAC,MAAM,CAAC,WAAW,CAAC,YAAY,CAAC,CAAC,CAAC,EAAE,CAAC,IAAI,CAAC,KAAK,CAAC;YACnD,IAAI,EAAE,UAAU;YAChB,UAAU,EAAE,0BAAW,CAAC,OAAO;YAC/B,KAAK,EAAE,KAAK;YACZ,QAAQ,EAAE,KAAK;YACf,MAAM,EAAE,KAAK;YACb,MAAM,EAAE,+CAAqB,CAAC,MAAM;YACpC,UAAU,EAAE,SAAS;YACrB,WAAW,EAAE,yCAAkB,CAAC,MAAM;SACzC,CAAC,CAAC;QAEH,aAAM,CAAC,MAAM,CAAC,WAAW,CAAC,0BAA0B,CAAC,CAAC,CAAC,EAAE,CAAC,IAAI,CAAC,KAAK,CAAC;YACjE,IAAI,EAAE,SAAS;YACf,UAAU,EAAE,0BAAW,CAAC,MAAM;YAC9B,KAAK,EAAE,KAAK;YACZ,QAAQ,EAAE,KAAK;YACf,MAAM,EAAE,KAAK;YACb,MAAM,EAAE,+CAAqB,CAAC,MAAM;YACpC,UAAU,EAAE,SAAS;YACrB,WAAW,EAAE,yCAAkB,CAAC,MAAM;SACzC,CAAC,CAAC;QAEH,aAAM,CAAC,MAAM,CAAC,WAAW,CAAC,uCAAuC,CAAC,CAAC,CAAC,EAAE,CAAC,IAAI,CAAC,KAAK,CAAC;YAC9E,IAAI,EAAE,SAAS;YACf,UAAU,EAAE,0BAAW,CAAC,IAAI;YAC5B,KAAK,EAAE,KAAK;YACZ,QAAQ,EAAE,KAAK;YACf,MAAM,EAAE,KAAK;YACb,MAAM,EAAE,+CAAqB,CAAC,SAAS;YACvC,UAAU,EAAE;gBACR;oBACI,YAAY,EAAE,SAAS;oBACvB,KAAK,EAAE,CAAC;oBACR,IAAI,EAAE,MAAM;oBACZ,QAAQ,EAAE,KAAK;oBACf,IAAI,EAAE,0BAAW,CAAC,MAAM;iBAC3B;aACJ;YACD,WAAW,EAAE,yCAAkB,CAAC,MAAM;SACzC,CAAC,CAAC;QACH,aAAM,CAAC,MAAM,CAAC,WAAW,CAAC,iDAAiD,CAAC,CAAC,CAAC,EAAE,CAAC,IAAI,CAAC,KAAK,CAAC;YACxF,IAAI,EAAE,SAAS;YACf,UAAU,EAAE,0BAAW,CAAC,WAAW;YACnC,KAAK,EAAE,KAAK;YACZ,QAAQ,EAAE,KAAK;YACf,MAAM,EAAE,KAAK;YACb,MAAM,EAAE,+CAAqB,CAAC,OAAO;YACrC,UAAU,EAAE;gBACR;oBACI,YAAY,EAAE,SAAS;oBACvB,KAAK,EAAE,CAAC;oBACR,IAAI,EAAE,aAAa;oBACnB,QAAQ,EAAE,IAAI;oBACd,IAAI,EAAE,0BAAW,CAAC,MAAM;iBAC3B;aACJ;YACD,WAAW,EAAE,yCAAkB,CAAC,MAAM;SACzC,CAAC,CAAC;QAEH,aAAM,CAAC,MAAM,CAAC,WAAW,CAAC,sDAAsD,CAAC,CAAC,CAAC,EAAE,CAAC,IAAI,CAAC,KAAK,CAAC;YAC7F,IAAI,EAAE,WAAW;YACjB,UAAU,EAAE,0BAAW,CAAC,MAAM;YAC9B,KAAK,EAAE,KAAK;YACZ,QAAQ,EAAE,KAAK;YACf,MAAM,EAAE,KAAK;YACb,MAAM,EAAE,+CAAqB,CAAC,OAAO;YACrC,UAAU,EAAE;gBACR;oBACI,YAAY,EAAE,OAAO;oBACrB,KAAK,EAAE,CAAC;oBACR,IAAI,EAAE,WAAW;oBACjB,QAAQ,EAAE,IAAI;oBACd,IAAI,EAAE,0BAAW,CAAC,MAAM;iBAC3B;aACJ;YACD,WAAW,EAAE,yCAAkB,CAAC,MAAM;SACzC,CAAC,CAAC;QAEH,aAAM,CAAC,MAAM,CAAC,WAAW,CAAC,qEAAqE,CAAC,CAAC,CAAC,EAAE,CAAC,IAAI,CAAC,KAAK,CAAC;YAC5G,IAAI,EAAE,KAAK;YACX,UAAU,EAAE,0BAAW,CAAC,MAAM;YAC9B,KAAK,EAAE,KAAK;YACZ,QAAQ,EAAE,KAAK;YACf,MAAM,EAAE,KAAK;YACb,MAAM,EAAE,+CAAqB,CAAC,MAAM;YACpC,UAAU,EAAE;gBACR;oBACI,YAAY,EAAE,SAAS;oBACvB,KAAK,EAAE,CAAC;oBACR,IAAI,EAAE,QAAQ;oBACd,QAAQ,EAAE,KAAK;oBACf,IAAI,EAAE,0BAAW,CAAC,MAAM;iBAC3B;gBACD;oBACI,YAAY,EAAE,SAAS;oBACvB,KAAK,EAAE,CAAC;oBACR,IAAI,EAAE,QAAQ;oBACd,QAAQ,EAAE,KAAK;oBACf,IAAI,EAAE,0BAAW,CAAC,MAAM;iBAC3B;gBACD;oBACI,YAAY,EAAE,SAAS;oBACvB,KAAK,EAAE,CAAC;oBACR,IAAI,EAAE,QAAQ;oBACd,QAAQ,EAAE,IAAI;oBACd,IAAI,EAAE,0BAAW,CAAC,MAAM;iBAC3B;aACJ;YACD,WAAW,EAAE,yCAAkB,CAAC,MAAM;SACzC,CAAC,CAAC;IACP,CAAC,CAAC,CAAC;IACH,EAAE,CAAC,mBAAmB,EAAE;QACpB,IAAM,MAAM,GAAG,IAAI,yCAAkB,EAAE,CAAC;QAClC,IAAA,KAAyB,MAAM,CAAC,gBAAgB,CAAC,iBAAiB,CAAC,EAAlE,IAAI,UAAA,EAAE,QAAQ,cAAA,EAAE,IAAI,UAA8C,CAAC;QAE1E,aAAM,CAAC,IAAI,CAAC,CAAC,EAAE,CAAC,EAAE,CAAC,KAAK,CAAC,uCAAiB,CAAC,KAAK,CAAC,CAAC;QAElD,IAAM,OAAO,GAAG,6CAAoB,CAAC,WAAW,CAAC,IAAI,CAAC,CAAC;QACvD,MAAM,CAAC,cAAc,CAAC,QAAQ,EAAE,OAAO,CAAC,CAAC;QACzC,IAAM,aAAa,GAAG,OAAO,CAAC,KAAK,EAAE,CAAC;QAEtC,aAAM,CAAC,aAAa,CAAC,WAAW,CAAC,CAAC,EAAE,CAAC,EAAE,CAAC,KAAK,CAAC,yCAAkB,CAAC,MAAM,CAAC,CAAC;QACzE,aAAM,CAAC,aAAa,CAAC,IAAI,CAAC,CAAC,EAAE,CAAC,EAAE,CAAC,KAAK,CAAC,QAAQ,CAAC,CAAC;QACjD,aAAM,CAAC,aAAa,CAAC,MAAM,CAAC,CAAC,EAAE,CAAC,EAAE,CAAC,KAAK,CAAC,+CAAqB,CAAC,MAAM,CAAC,CAAC;QACvE,aAAM,CAAC,aAAa,CAAC,IAAI,CAAC,CAAC,EAAE,CAAC,EAAE,CAAC,KAAK,CAAC,uCAAiB,CAAC,KAAK,CAAC,CAAC;IACpE,CAAC,CAAC,CAAC;AACP,CAAC,CAAC,CAAC",
      "sourcesContent": [
        "import \"mocha\";\r\nimport {expect} from \"chai\";\r\nimport {DiagramClassParser} from \"./diagram-class-parser\";\r\nimport {DiagramEntityFactory} from \"../../class/diagram-entity-factory\";\r\nimport {DiagramEntityType} from \"../../class/entity/diagram-entity-type\";\r\nimport {DiagramElementType} from \"../../class/common/diagram-element-type\";\r\nimport {DiagramAccessModifier} from \"../../class/common/diagram-access-modifier\";\r\nimport {DiagramType} from \"../../class/common/diagram-type\";\r\n\r\ndescribe(\"Test text to diagram parser\", () => {\r\n    it(\"Parse attributes\", () => {\r\n        const parser = new DiagramClassParser({\r\n            prefixAccessorMap: {\r\n                [DiagramAccessModifier.PRIVATE]: \"_\",\r\n            },\r\n        });\r\n\r\n        expect(parser.parseProperty(\"name\")).to.deep.equal({\r\n            name: \"name\",\r\n            type: DiagramType.Unknown,\r\n            final: false,\r\n            abstract: false,\r\n            value: undefined,\r\n            defaultValue: undefined,\r\n            static: false,\r\n            access: \"PUBLIC\",\r\n            optional: false,\r\n            elementType: \"PROPERTY\",\r\n        });\r\n        expect(parser.parseProperty(\"age: number\")).to.deep.equal({\r\n            name: \"age\",\r\n            type: DiagramType.Number,\r\n            final: false,\r\n            abstract: false,\r\n            value: undefined,\r\n            defaultValue: undefined,\r\n            static: false,\r\n            access: \"PUBLIC\",\r\n            optional: false,\r\n            elementType: \"PROPERTY\",\r\n        });\r\n        expect(parser.parseProperty(\"readonly surname;\")).to.deep.equal({\r\n            name: \"surname\",\r\n            type: DiagramType.Unknown,\r\n            final: true,\r\n            abstract: false,\r\n            value: undefined,\r\n            defaultValue: undefined,\r\n            static: false,\r\n            access: \"PUBLIC\",\r\n            optional: false,\r\n            elementType: \"PROPERTY\",\r\n        });\r\n        expect(parser.parseProperty(\"favouriteNumbers: number[]\")).to.deep.equal({\r\n            name: \"favouriteNumbers\",\r\n            type: DiagramType.NumberArray,\r\n            final: false,\r\n            abstract: false,\r\n            value: undefined,\r\n            defaultValue: undefined,\r\n            static: false,\r\n            access: \"PUBLIC\",\r\n            optional: false,\r\n            elementType: \"PROPERTY\",\r\n        });\r\n        expect(parser.parseProperty(\"nickNames:string[];\")).to.deep.equal({\r\n            name: \"nickNames\",\r\n            type: DiagramType.StringArray,\r\n            final: false,\r\n            abstract: false,\r\n            value: undefined,\r\n            defaultValue: undefined,\r\n            static: false,\r\n            access: \"PUBLIC\",\r\n            optional: false,\r\n            elementType: \"PROPERTY\",\r\n        });\r\n        expect(parser.parseProperty(\"gender: string = 'UNKNOWN'\")).to.deep.equal({\r\n            name: \"gender\",\r\n            type: DiagramType.String,\r\n            final: false,\r\n            abstract: false,\r\n            value: \"'UNKNOWN'\",\r\n            defaultValue: \"'UNKNOWN'\",\r\n            static: false,\r\n            access: \"PUBLIC\",\r\n            optional: false,\r\n            elementType: \"PROPERTY\",\r\n        });\r\n        expect(parser.parseProperty(\"middleName?:string\")).to.deep.equal({\r\n            name: \"middleName\",\r\n            type: DiagramType.String,\r\n            final: false,\r\n            abstract: false,\r\n            value: undefined,\r\n            defaultValue: undefined,\r\n            static: false,\r\n            access: \"PUBLIC\",\r\n            optional: true,\r\n            elementType: \"PROPERTY\",\r\n        });\r\n        expect(parser.parseProperty(\"alias ? :string = 'none'\")).to.deep.equal({\r\n            name: \"alias\",\r\n            type: DiagramType.String,\r\n            final: false,\r\n            abstract: false,\r\n            value: \"'none'\",\r\n            defaultValue: \"'none'\",\r\n            static: false,\r\n            access: \"PUBLIC\",\r\n            optional: true,\r\n            elementType: \"PROPERTY\",\r\n        });\r\n        expect(parser.parseProperty(\"protected favouriteLetter = 'g'\")).to.deep.equal({\r\n            name: \"favouriteLetter\",\r\n            type: DiagramType.Unknown,\r\n            final: false,\r\n            abstract: false,\r\n            value: \"'g'\",\r\n            defaultValue: \"'g'\",\r\n            static: false,\r\n            access: DiagramAccessModifier.PROTECTED,\r\n            optional: false,\r\n            elementType: \"PROPERTY\",\r\n        });\r\n    });\r\n    it(\"Parse methods\", () => {\r\n        const parser = new DiagramClassParser({\r\n            prefixAccessorMap: {\r\n                [DiagramAccessModifier.PRIVATE]: \"_\",\r\n            },\r\n        });\r\n\r\n        expect(parser.parseMethod(\"toString()\")).to.deep.equal({\r\n            name: \"toString\",\r\n            returnType: DiagramType.Unknown,\r\n            final: false,\r\n            abstract: false,\r\n            static: false,\r\n            access: DiagramAccessModifier.PUBLIC,\r\n            parameters: undefined,\r\n            elementType: DiagramElementType.METHOD,\r\n        });\r\n\r\n        expect(parser.parseMethod(\"public getName(): string\")).to.deep.equal({\r\n            name: \"getName\",\r\n            returnType: DiagramType.String,\r\n            final: false,\r\n            abstract: false,\r\n            static: false,\r\n            access: DiagramAccessModifier.PUBLIC,\r\n            parameters: undefined,\r\n            elementType: DiagramElementType.METHOD,\r\n        });\r\n\r\n        expect(parser.parseMethod(\"protected setName(name: string): void\")).to.deep.equal({\r\n            name: \"setName\",\r\n            returnType: DiagramType.Void,\r\n            final: false,\r\n            abstract: false,\r\n            static: false,\r\n            access: DiagramAccessModifier.PROTECTED,\r\n            parameters: [\r\n                {\r\n                    defaultValue: undefined,\r\n                    index: 0,\r\n                    name: \"name\",\r\n                    optional: false,\r\n                    type: DiagramType.String,\r\n                },\r\n            ],\r\n            elementType: DiagramElementType.METHOD,\r\n        });\r\n        expect(parser.parseMethod(\"private getNick(defaultNick?: string): string[]\")).to.deep.equal({\r\n            name: \"getNick\",\r\n            returnType: DiagramType.StringArray,\r\n            final: false,\r\n            abstract: false,\r\n            static: false,\r\n            access: DiagramAccessModifier.PRIVATE,\r\n            parameters: [\r\n                {\r\n                    defaultValue: undefined,\r\n                    index: 0,\r\n                    name: \"defaultNick\",\r\n                    optional: true,\r\n                    type: DiagramType.String,\r\n                },\r\n            ],\r\n            elementType: DiagramElementType.METHOD,\r\n        });\r\n\r\n        expect(parser.parseMethod(\"private introduce(toConsole: string = 'yes'): string\")).to.deep.equal({\r\n            name: \"introduce\",\r\n            returnType: DiagramType.String,\r\n            final: false,\r\n            abstract: false,\r\n            static: false,\r\n            access: DiagramAccessModifier.PRIVATE,\r\n            parameters: [\r\n                {\r\n                    defaultValue: \"'yes'\",\r\n                    index: 0,\r\n                    name: \"toConsole\",\r\n                    optional: true,\r\n                    type: DiagramType.String,\r\n                },\r\n            ],\r\n            elementType: DiagramElementType.METHOD,\r\n        });\r\n\r\n        expect(parser.parseMethod(\"public sum(valueA: number, valueB: number, valueC?: number): number\")).to.deep.equal({\r\n            name: \"sum\",\r\n            returnType: DiagramType.Number,\r\n            final: false,\r\n            abstract: false,\r\n            static: false,\r\n            access: DiagramAccessModifier.PUBLIC,\r\n            parameters: [\r\n                {\r\n                    defaultValue: undefined,\r\n                    index: 0,\r\n                    name: \"valueA\",\r\n                    optional: false,\r\n                    type: DiagramType.Number,\r\n                },\r\n                {\r\n                    defaultValue: undefined,\r\n                    index: 1,\r\n                    name: \"valueB\",\r\n                    optional: false,\r\n                    type: DiagramType.Number,\r\n                },\r\n                {\r\n                    defaultValue: undefined,\r\n                    index: 2,\r\n                    name: \"valueC\",\r\n                    optional: true,\r\n                    type: DiagramType.Number,\r\n                },\r\n            ],\r\n            elementType: DiagramElementType.METHOD,\r\n        });\r\n    });\r\n    it(\"Parse basic class\", () => {\r\n        const parser = new DiagramClassParser();\r\n        const {type, bodyRows, name} = parser.parseEntityBasic(\"class Person {}\");\r\n\r\n        expect(type).to.be.equal(DiagramEntityType.CLASS);\r\n\r\n        const factory = DiagramEntityFactory.createClass(name);\r\n        parser.parseClassBody(bodyRows, factory);\r\n        const parsedDiagram = factory.build();\r\n\r\n        expect(parsedDiagram.elementType).to.be.equal(DiagramElementType.ENTITY);\r\n        expect(parsedDiagram.name).to.be.equal(\"Person\");\r\n        expect(parsedDiagram.access).to.be.equal(DiagramAccessModifier.PUBLIC);\r\n        expect(parsedDiagram.type).to.be.equal(DiagramEntityType.CLASS);\r\n    });\r\n});\r\n"
      ]
    },
    "_coverageSchema": "1a1c01bbd47fc00a2c39e90264f33305004495a9",
    "hash": "bc942e183227fa8be034f2d69f7c58a0df35ae38",
    "contentHash": "7e89b7b573a0e8c5dbc5427edf556a03043dd0440e016f7520a7ab6d4ff0abce"
  },
  "D:\\Projects\\custom-playground\\g-diagrams\\src\\conversions\\text-to-diagram\\diagram-class-parser.ts": {
    "path": "D:\\Projects\\custom-playground\\g-diagrams\\src\\conversions\\text-to-diagram\\diagram-class-parser.ts",
    "statementMap": {
      "0": {
        "start": {
          "line": 2,
          "column": 16
        },
        "end": {
          "line": 16,
          "column": 4
        }
      },
      "1": {
        "start": {
          "line": 3,
          "column": 24
        },
        "end": {
          "line": 8,
          "column": 5
        }
      },
      "2": {
        "start": {
          "line": 4,
          "column": 8
        },
        "end": {
          "line": 6,
          "column": 110
        }
      },
      "3": {
        "start": {
          "line": 5,
          "column": 69
        },
        "end": {
          "line": 5,
          "column": 85
        }
      },
      "4": {
        "start": {
          "line": 6,
          "column": 30
        },
        "end": {
          "line": 6,
          "column": 107
        }
      },
      "5": {
        "start": {
          "line": 6,
          "column": 47
        },
        "end": {
          "line": 6,
          "column": 107
        }
      },
      "6": {
        "start": {
          "line": 6,
          "column": 95
        },
        "end": {
          "line": 6,
          "column": 107
        }
      },
      "7": {
        "start": {
          "line": 7,
          "column": 8
        },
        "end": {
          "line": 7,
          "column": 35
        }
      },
      "8": {
        "start": {
          "line": 9,
          "column": 4
        },
        "end": {
          "line": 15,
          "column": 6
        }
      },
      "9": {
        "start": {
          "line": 10,
          "column": 8
        },
        "end": {
          "line": 11,
          "column": 102
        }
      },
      "10": {
        "start": {
          "line": 11,
          "column": 12
        },
        "end": {
          "line": 11,
          "column": 102
        }
      },
      "11": {
        "start": {
          "line": 12,
          "column": 8
        },
        "end": {
          "line": 12,
          "column": 28
        }
      },
      "12": {
        "start": {
          "line": 13,
          "column": 24
        },
        "end": {
          "line": 13,
          "column": 45
        }
      },
      "13": {
        "start": {
          "line": 14,
          "column": 8
        },
        "end": {
          "line": 14,
          "column": 93
        }
      },
      "14": {
        "start": {
          "line": 17,
          "column": 0
        },
        "end": {
          "line": 17,
          "column": 62
        }
      },
      "15": {
        "start": {
          "line": 18,
          "column": 0
        },
        "end": {
          "line": 18,
          "column": 36
        }
      },
      "16": {
        "start": {
          "line": 19,
          "column": 30
        },
        "end": {
          "line": 19,
          "column": 64
        }
      },
      "17": {
        "start": {
          "line": 20,
          "column": 21
        },
        "end": {
          "line": 20,
          "column": 63
        }
      },
      "18": {
        "start": {
          "line": 21,
          "column": 29
        },
        "end": {
          "line": 21,
          "column": 79
        }
      },
      "19": {
        "start": {
          "line": 22,
          "column": 40
        },
        "end": {
          "line": 125,
          "column": 46
        }
      },
      "20": {
        "start": {
          "line": 23,
          "column": 4
        },
        "end": {
          "line": 23,
          "column": 42
        }
      },
      "21": {
        "start": {
          "line": 25,
          "column": 8
        },
        "end": {
          "line": 25,
          "column": 72
        }
      },
      "22": {
        "start": {
          "line": 27,
          "column": 4
        },
        "end": {
          "line": 36,
          "column": 6
        }
      },
      "23": {
        "start": {
          "line": 28,
          "column": 20
        },
        "end": {
          "line": 28,
          "column": 24
        }
      },
      "24": {
        "start": {
          "line": 29,
          "column": 8
        },
        "end": {
          "line": 35,
          "column": 11
        }
      },
      "25": {
        "start": {
          "line": 30,
          "column": 27
        },
        "end": {
          "line": 30,
          "column": 46
        }
      },
      "26": {
        "start": {
          "line": 31,
          "column": 12
        },
        "end": {
          "line": 33,
          "column": 13
        }
      },
      "27": {
        "start": {
          "line": 32,
          "column": 16
        },
        "end": {
          "line": 32,
          "column": 68
        }
      },
      "28": {
        "start": {
          "line": 34,
          "column": 12
        },
        "end": {
          "line": 34,
          "column": 61
        }
      },
      "29": {
        "start": {
          "line": 37,
          "column": 4
        },
        "end": {
          "line": 46,
          "column": 6
        }
      },
      "30": {
        "start": {
          "line": 38,
          "column": 37
        },
        "end": {
          "line": 38,
          "column": 61
        }
      },
      "31": {
        "start": {
          "line": 39,
          "column": 8
        },
        "end": {
          "line": 41,
          "column": 9
        }
      },
      "32": {
        "start": {
          "line": 40,
          "column": 12
        },
        "end": {
          "line": 40,
          "column": 62
        }
      },
      "33": {
        "start": {
          "line": 42,
          "column": 8
        },
        "end": {
          "line": 45,
          "column": 10
        }
      },
      "34": {
        "start": {
          "line": 47,
          "column": 4
        },
        "end": {
          "line": 65,
          "column": 6
        }
      },
      "35": {
        "start": {
          "line": 48,
          "column": 21
        },
        "end": {
          "line": 48,
          "column": 49
        }
      },
      "36": {
        "start": {
          "line": 49,
          "column": 17
        },
        "end": {
          "line": 49,
          "column": 63
        }
      },
      "37": {
        "start": {
          "line": 49,
          "column": 74
        },
        "end": {
          "line": 49,
          "column": 83
        }
      },
      "38": {
        "start": {
          "line": 49,
          "column": 98
        },
        "end": {
          "line": 49,
          "column": 111
        }
      },
      "39": {
        "start": {
          "line": 50,
          "column": 21
        },
        "end": {
          "line": 50,
          "column": 73
        }
      },
      "40": {
        "start": {
          "line": 51,
          "column": 24
        },
        "end": {
          "line": 51,
          "column": 74
        }
      },
      "41": {
        "start": {
          "line": 52,
          "column": 22
        },
        "end": {
          "line": 52,
          "column": 47
        }
      },
      "42": {
        "start": {
          "line": 53,
          "column": 19
        },
        "end": {
          "line": 53,
          "column": 26
        }
      },
      "43": {
        "start": {
          "line": 54,
          "column": 32
        },
        "end": {
          "line": 54,
          "column": 105
        }
      },
      "44": {
        "start": {
          "line": 55,
          "column": 8
        },
        "end": {
          "line": 64,
          "column": 10
        }
      },
      "45": {
        "start": {
          "line": 69,
          "column": 4
        },
        "end": {
          "line": 103,
          "column": 6
        }
      },
      "46": {
        "start": {
          "line": 70,
          "column": 17
        },
        "end": {
          "line": 70,
          "column": 35
        }
      },
      "47": {
        "start": {
          "line": 70,
          "column": 44
        },
        "end": {
          "line": 70,
          "column": 49
        }
      },
      "48": {
        "start": {
          "line": 70,
          "column": 66
        },
        "end": {
          "line": 70,
          "column": 71
        }
      },
      "49": {
        "start": {
          "line": 71,
          "column": 17
        },
        "end": {
          "line": 71,
          "column": 32
        }
      },
      "50": {
        "start": {
          "line": 71,
          "column": 41
        },
        "end": {
          "line": 71,
          "column": 46
        }
      },
      "51": {
        "start": {
          "line": 71,
          "column": 58
        },
        "end": {
          "line": 71,
          "column": 63
        }
      },
      "52": {
        "start": {
          "line": 72,
          "column": 19
        },
        "end": {
          "line": 72,
          "column": 59
        }
      },
      "53": {
        "start": {
          "line": 73,
          "column": 25
        },
        "end": {
          "line": 73,
          "column": 47
        }
      },
      "54": {
        "start": {
          "line": 74,
          "column": 23
        },
        "end": {
          "line": 74,
          "column": 28
        }
      },
      "55": {
        "start": {
          "line": 76,
          "column": 8
        },
        "end": {
          "line": 85,
          "column": 9
        }
      },
      "56": {
        "start": {
          "line": 77,
          "column": 28
        },
        "end": {
          "line": 77,
          "column": 61
        }
      },
      "57": {
        "start": {
          "line": 78,
          "column": 12
        },
        "end": {
          "line": 83,
          "column": 13
        }
      },
      "58": {
        "start": {
          "line": 79,
          "column": 16
        },
        "end": {
          "line": 79,
          "column": 33
        }
      },
      "59": {
        "start": {
          "line": 82,
          "column": 16
        },
        "end": {
          "line": 82,
          "column": 97
        }
      },
      "60": {
        "start": {
          "line": 84,
          "column": 12
        },
        "end": {
          "line": 84,
          "column": 28
        }
      },
      "61": {
        "start": {
          "line": 87,
          "column": 22
        },
        "end": {
          "line": 87,
          "column": 75
        }
      },
      "62": {
        "start": {
          "line": 88,
          "column": 19
        },
        "end": {
          "line": 88,
          "column": 26
        }
      },
      "63": {
        "start": {
          "line": 89,
          "column": 24
        },
        "end": {
          "line": 89,
          "column": 78
        }
      },
      "64": {
        "start": {
          "line": 90,
          "column": 34
        },
        "end": {
          "line": 90,
          "column": 113
        }
      },
      "65": {
        "start": {
          "line": 91,
          "column": 8
        },
        "end": {
          "line": 102,
          "column": 10
        }
      },
      "66": {
        "start": {
          "line": 109,
          "column": 4
        },
        "end": {
          "line": 123,
          "column": 6
        }
      },
      "67": {
        "start": {
          "line": 110,
          "column": 20
        },
        "end": {
          "line": 110,
          "column": 24
        }
      },
      "68": {
        "start": {
          "line": 111,
          "column": 28
        },
        "end": {
          "line": 111,
          "column": 66
        }
      },
      "69": {
        "start": {
          "line": 112,
          "column": 8
        },
        "end": {
          "line": 122,
          "column": 11
        }
      },
      "70": {
        "start": {
          "line": 113,
          "column": 32
        },
        "end": {
          "line": 113,
          "column": 44
        }
      },
      "71": {
        "start": {
          "line": 114,
          "column": 31
        },
        "end": {
          "line": 114,
          "column": 65
        }
      },
      "72": {
        "start": {
          "line": 115,
          "column": 12
        },
        "end": {
          "line": 121,
          "column": 14
        }
      },
      "73": {
        "start": {
          "line": 124,
          "column": 4
        },
        "end": {
          "line": 124,
          "column": 30
        }
      },
      "74": {
        "start": {
          "line": 126,
          "column": 0
        },
        "end": {
          "line": 126,
          "column": 48
        }
      }
    },
    "fnMap": {
      "0": {
        "name": "(anonymous_0)",
        "decl": {
          "start": {
            "line": 2,
            "column": 45
          },
          "end": {
            "line": 2,
            "column": 46
          }
        },
        "loc": {
          "start": {
            "line": 2,
            "column": 57
          },
          "end": {
            "line": 16,
            "column": 1
          }
        },
        "line": 2
      },
      "1": {
        "name": "(anonymous_1)",
        "decl": {
          "start": {
            "line": 3,
            "column": 24
          },
          "end": {
            "line": 3,
            "column": 25
          }
        },
        "loc": {
          "start": {
            "line": 3,
            "column": 40
          },
          "end": {
            "line": 8,
            "column": 5
          }
        },
        "line": 3
      },
      "2": {
        "name": "(anonymous_2)",
        "decl": {
          "start": {
            "line": 5,
            "column": 51
          },
          "end": {
            "line": 5,
            "column": 52
          }
        },
        "loc": {
          "start": {
            "line": 5,
            "column": 67
          },
          "end": {
            "line": 5,
            "column": 87
          }
        },
        "line": 5
      },
      "3": {
        "name": "(anonymous_3)",
        "decl": {
          "start": {
            "line": 6,
            "column": 12
          },
          "end": {
            "line": 6,
            "column": 13
          }
        },
        "loc": {
          "start": {
            "line": 6,
            "column": 28
          },
          "end": {
            "line": 6,
            "column": 109
          }
        },
        "line": 6
      },
      "4": {
        "name": "(anonymous_4)",
        "decl": {
          "start": {
            "line": 9,
            "column": 11
          },
          "end": {
            "line": 9,
            "column": 12
          }
        },
        "loc": {
          "start": {
            "line": 9,
            "column": 27
          },
          "end": {
            "line": 15,
            "column": 5
          }
        },
        "line": 9
      },
      "5": {
        "name": "__",
        "decl": {
          "start": {
            "line": 13,
            "column": 17
          },
          "end": {
            "line": 13,
            "column": 19
          }
        },
        "loc": {
          "start": {
            "line": 13,
            "column": 22
          },
          "end": {
            "line": 13,
            "column": 47
          }
        },
        "line": 13
      },
      "6": {
        "name": "(anonymous_6)",
        "decl": {
          "start": {
            "line": 22,
            "column": 40
          },
          "end": {
            "line": 22,
            "column": 41
          }
        },
        "loc": {
          "start": {
            "line": 22,
            "column": 58
          },
          "end": {
            "line": 125,
            "column": 1
          }
        },
        "line": 22
      },
      "7": {
        "name": "DiagramClassParser",
        "decl": {
          "start": {
            "line": 24,
            "column": 13
          },
          "end": {
            "line": 24,
            "column": 31
          }
        },
        "loc": {
          "start": {
            "line": 24,
            "column": 34
          },
          "end": {
            "line": 26,
            "column": 5
          }
        },
        "line": 24
      },
      "8": {
        "name": "(anonymous_8)",
        "decl": {
          "start": {
            "line": 27,
            "column": 50
          },
          "end": {
            "line": 27,
            "column": 51
          }
        },
        "loc": {
          "start": {
            "line": 27,
            "column": 85
          },
          "end": {
            "line": 36,
            "column": 5
          }
        },
        "line": 27
      },
      "9": {
        "name": "(anonymous_9)",
        "decl": {
          "start": {
            "line": 29,
            "column": 31
          },
          "end": {
            "line": 29,
            "column": 32
          }
        },
        "loc": {
          "start": {
            "line": 29,
            "column": 46
          },
          "end": {
            "line": 35,
            "column": 9
          }
        },
        "line": 29
      },
      "10": {
        "name": "(anonymous_10)",
        "decl": {
          "start": {
            "line": 37,
            "column": 68
          },
          "end": {
            "line": 37,
            "column": 69
          }
        },
        "loc": {
          "start": {
            "line": 37,
            "column": 87
          },
          "end": {
            "line": 46,
            "column": 5
          }
        },
        "line": 37
      },
      "11": {
        "name": "(anonymous_11)",
        "decl": {
          "start": {
            "line": 47,
            "column": 47
          },
          "end": {
            "line": 47,
            "column": 48
          }
        },
        "loc": {
          "start": {
            "line": 47,
            "column": 66
          },
          "end": {
            "line": 65,
            "column": 5
          }
        },
        "line": 47
      },
      "12": {
        "name": "(anonymous_12)",
        "decl": {
          "start": {
            "line": 69,
            "column": 49
          },
          "end": {
            "line": 69,
            "column": 50
          }
        },
        "loc": {
          "start": {
            "line": 69,
            "column": 68
          },
          "end": {
            "line": 103,
            "column": 5
          }
        },
        "line": 69
      },
      "13": {
        "name": "(anonymous_13)",
        "decl": {
          "start": {
            "line": 109,
            "column": 51
          },
          "end": {
            "line": 109,
            "column": 52
          }
        },
        "loc": {
          "start": {
            "line": 109,
            "column": 78
          },
          "end": {
            "line": 123,
            "column": 5
          }
        },
        "line": 109
      },
      "14": {
        "name": "(anonymous_14)",
        "decl": {
          "start": {
            "line": 112,
            "column": 44
          },
          "end": {
            "line": 112,
            "column": 45
          }
        },
        "loc": {
          "start": {
            "line": 112,
            "column": 68
          },
          "end": {
            "line": 122,
            "column": 9
          }
        },
        "line": 112
      }
    },
    "branchMap": {
      "0": {
        "loc": {
          "start": {
            "line": 2,
            "column": 16
          },
          "end": {
            "line": 16,
            "column": 4
          }
        },
        "type": "binary-expr",
        "locations": [
          {
            "start": {
              "line": 2,
              "column": 17
            },
            "end": {
              "line": 2,
              "column": 21
            }
          },
          {
            "start": {
              "line": 2,
              "column": 25
            },
            "end": {
              "line": 2,
              "column": 39
            }
          },
          {
            "start": {
              "line": 2,
              "column": 44
            },
            "end": {
              "line": 16,
              "column": 4
            }
          }
        ],
        "line": 2
      },
      "1": {
        "loc": {
          "start": {
            "line": 4,
            "column": 24
          },
          "end": {
            "line": 6,
            "column": 109
          }
        },
        "type": "binary-expr",
        "locations": [
          {
            "start": {
              "line": 4,
              "column": 24
            },
            "end": {
              "line": 4,
              "column": 45
            }
          },
          {
            "start": {
              "line": 5,
              "column": 13
            },
            "end": {
              "line": 5,
              "column": 47
            }
          },
          {
            "start": {
              "line": 5,
              "column": 51
            },
            "end": {
              "line": 5,
              "column": 87
            }
          },
          {
            "start": {
              "line": 6,
              "column": 12
            },
            "end": {
              "line": 6,
              "column": 109
            }
          }
        ],
        "line": 4
      },
      "2": {
        "loc": {
          "start": {
            "line": 6,
            "column": 47
          },
          "end": {
            "line": 6,
            "column": 107
          }
        },
        "type": "if",
        "locations": [
          {
            "start": {
              "line": 6,
              "column": 47
            },
            "end": {
              "line": 6,
              "column": 107
            }
          },
          {
            "start": {
              "line": 6,
              "column": 47
            },
            "end": {
              "line": 6,
              "column": 107
            }
          }
        ],
        "line": 6
      },
      "3": {
        "loc": {
          "start": {
            "line": 10,
            "column": 8
          },
          "end": {
            "line": 11,
            "column": 102
          }
        },
        "type": "if",
        "locations": [
          {
            "start": {
              "line": 10,
              "column": 8
            },
            "end": {
              "line": 11,
              "column": 102
            }
          },
          {
            "start": {
              "line": 10,
              "column": 8
            },
            "end": {
              "line": 11,
              "column": 102
            }
          }
        ],
        "line": 10
      },
      "4": {
        "loc": {
          "start": {
            "line": 10,
            "column": 12
          },
          "end": {
            "line": 10,
            "column": 49
          }
        },
        "type": "binary-expr",
        "locations": [
          {
            "start": {
              "line": 10,
              "column": 12
            },
            "end": {
              "line": 10,
              "column": 35
            }
          },
          {
            "start": {
              "line": 10,
              "column": 39
            },
            "end": {
              "line": 10,
              "column": 49
            }
          }
        ],
        "line": 10
      },
      "5": {
        "loc": {
          "start": {
            "line": 14,
            "column": 22
          },
          "end": {
            "line": 14,
            "column": 92
          }
        },
        "type": "cond-expr",
        "locations": [
          {
            "start": {
              "line": 14,
              "column": 35
            },
            "end": {
              "line": 14,
              "column": 51
            }
          },
          {
            "start": {
              "line": 14,
              "column": 55
            },
            "end": {
              "line": 14,
              "column": 91
            }
          }
        ],
        "line": 14
      },
      "6": {
        "loc": {
          "start": {
            "line": 25,
            "column": 15
          },
          "end": {
            "line": 25,
            "column": 71
          }
        },
        "type": "binary-expr",
        "locations": [
          {
            "start": {
              "line": 25,
              "column": 15
            },
            "end": {
              "line": 25,
              "column": 30
            }
          },
          {
            "start": {
              "line": 25,
              "column": 34
            },
            "end": {
              "line": 25,
              "column": 63
            }
          },
          {
            "start": {
              "line": 25,
              "column": 67
            },
            "end": {
              "line": 25,
              "column": 71
            }
          }
        ],
        "line": 25
      },
      "7": {
        "loc": {
          "start": {
            "line": 31,
            "column": 12
          },
          "end": {
            "line": 33,
            "column": 13
          }
        },
        "type": "if",
        "locations": [
          {
            "start": {
              "line": 31,
              "column": 12
            },
            "end": {
              "line": 33,
              "column": 13
            }
          },
          {
            "start": {
              "line": 31,
              "column": 12
            },
            "end": {
              "line": 33,
              "column": 13
            }
          }
        ],
        "line": 31
      },
      "8": {
        "loc": {
          "start": {
            "line": 39,
            "column": 8
          },
          "end": {
            "line": 41,
            "column": 9
          }
        },
        "type": "if",
        "locations": [
          {
            "start": {
              "line": 39,
              "column": 8
            },
            "end": {
              "line": 41,
              "column": 9
            }
          },
          {
            "start": {
              "line": 39,
              "column": 8
            },
            "end": {
              "line": 41,
              "column": 9
            }
          }
        ],
        "line": 39
      },
      "9": {
        "loc": {
          "start": {
            "line": 54,
            "column": 32
          },
          "end": {
            "line": 54,
            "column": 105
          }
        },
        "type": "cond-expr",
        "locations": [
          {
            "start": {
              "line": 54,
              "column": 79
            },
            "end": {
              "line": 54,
              "column": 85
            }
          },
          {
            "start": {
              "line": 54,
              "column": 88
            },
            "end": {
              "line": 54,
              "column": 105
            }
          }
        ],
        "line": 54
      },
      "10": {
        "loc": {
          "start": {
            "line": 54,
            "column": 32
          },
          "end": {
            "line": 54,
            "column": 76
          }
        },
        "type": "binary-expr",
        "locations": [
          {
            "start": {
              "line": 54,
              "column": 32
            },
            "end": {
              "line": 54,
              "column": 51
            }
          },
          {
            "start": {
              "line": 54,
              "column": 55
            },
            "end": {
              "line": 54,
              "column": 76
            }
          }
        ],
        "line": 54
      },
      "11": {
        "loc": {
          "start": {
            "line": 62,
            "column": 24
          },
          "end": {
            "line": 62,
            "column": 131
          }
        },
        "type": "cond-expr",
        "locations": [
          {
            "start": {
              "line": 62,
              "column": 44
            },
            "end": {
              "line": 62,
              "column": 94
            }
          },
          {
            "start": {
              "line": 62,
              "column": 97
            },
            "end": {
              "line": 62,
              "column": 131
            }
          }
        ],
        "line": 62
      },
      "12": {
        "loc": {
          "start": {
            "line": 63,
            "column": 24
          },
          "end": {
            "line": 63,
            "column": 138
          }
        },
        "type": "cond-expr",
        "locations": [
          {
            "start": {
              "line": 63,
              "column": 33
            },
            "end": {
              "line": 63,
              "column": 126
            }
          },
          {
            "start": {
              "line": 63,
              "column": 129
            },
            "end": {
              "line": 63,
              "column": 138
            }
          }
        ],
        "line": 63
      },
      "13": {
        "loc": {
          "start": {
            "line": 63,
            "column": 33
          },
          "end": {
            "line": 63,
            "column": 126
          }
        },
        "type": "cond-expr",
        "locations": [
          {
            "start": {
              "line": 63,
              "column": 62
            },
            "end": {
              "line": 63,
              "column": 71
            }
          },
          {
            "start": {
              "line": 63,
              "column": 74
            },
            "end": {
              "line": 63,
              "column": 126
            }
          }
        ],
        "line": 63
      },
      "14": {
        "loc": {
          "start": {
            "line": 76,
            "column": 8
          },
          "end": {
            "line": 85,
            "column": 9
          }
        },
        "type": "if",
        "locations": [
          {
            "start": {
              "line": 76,
              "column": 8
            },
            "end": {
              "line": 85,
              "column": 9
            }
          },
          {
            "start": {
              "line": 76,
              "column": 8
            },
            "end": {
              "line": 85,
              "column": 9
            }
          }
        ],
        "line": 76
      },
      "15": {
        "loc": {
          "start": {
            "line": 78,
            "column": 12
          },
          "end": {
            "line": 83,
            "column": 13
          }
        },
        "type": "if",
        "locations": [
          {
            "start": {
              "line": 78,
              "column": 12
            },
            "end": {
              "line": 83,
              "column": 13
            }
          },
          {
            "start": {
              "line": 78,
              "column": 12
            },
            "end": {
              "line": 83,
              "column": 13
            }
          }
        ],
        "line": 78
      },
      "16": {
        "loc": {
          "start": {
            "line": 90,
            "column": 34
          },
          "end": {
            "line": 90,
            "column": 113
          }
        },
        "type": "cond-expr",
        "locations": [
          {
            "start": {
              "line": 90,
              "column": 85
            },
            "end": {
              "line": 90,
              "column": 91
            }
          },
          {
            "start": {
              "line": 90,
              "column": 94
            },
            "end": {
              "line": 90,
              "column": 113
            }
          }
        ],
        "line": 90
      },
      "17": {
        "loc": {
          "start": {
            "line": 90,
            "column": 34
          },
          "end": {
            "line": 90,
            "column": 82
          }
        },
        "type": "binary-expr",
        "locations": [
          {
            "start": {
              "line": 90,
              "column": 34
            },
            "end": {
              "line": 90,
              "column": 55
            }
          },
          {
            "start": {
              "line": 90,
              "column": 59
            },
            "end": {
              "line": 90,
              "column": 82
            }
          }
        ],
        "line": 90
      },
      "18": {
        "loc": {
          "start": {
            "line": 120,
            "column": 26
          },
          "end": {
            "line": 120,
            "column": 90
          }
        },
        "type": "binary-expr",
        "locations": [
          {
            "start": {
              "line": 120,
              "column": 26
            },
            "end": {
              "line": 120,
              "column": 47
            }
          },
          {
            "start": {
              "line": 120,
              "column": 51
            },
            "end": {
              "line": 120,
              "column": 90
            }
          }
        ],
        "line": 120
      }
    },
    "s": {
      "0": 1,
      "1": 1,
      "2": 1,
      "3": 0,
      "4": 0,
      "5": 0,
      "6": 0,
      "7": 1,
      "8": 1,
      "9": 1,
      "10": 0,
      "11": 1,
      "12": 1,
      "13": 1,
      "14": 1,
      "15": 1,
      "16": 1,
      "17": 1,
      "18": 1,
      "19": 1,
      "20": 1,
      "21": 3,
      "22": 1,
      "23": 1,
      "24": 1,
      "25": 0,
      "26": 0,
      "27": 0,
      "28": 0,
      "29": 1,
      "30": 6,
      "31": 6,
      "32": 1,
      "33": 5,
      "34": 1,
      "35": 6,
      "36": 6,
      "37": 6,
      "38": 6,
      "39": 6,
      "40": 6,
      "41": 6,
      "42": 6,
      "43": 6,
      "44": 6,
      "45": 1,
      "46": 15,
      "47": 15,
      "48": 15,
      "49": 15,
      "50": 15,
      "51": 15,
      "52": 15,
      "53": 15,
      "54": 15,
      "55": 15,
      "56": 4,
      "57": 4,
      "58": 1,
      "59": 3,
      "60": 4,
      "61": 15,
      "62": 15,
      "63": 15,
      "64": 15,
      "65": 15,
      "66": 1,
      "67": 4,
      "68": 4,
      "69": 4,
      "70": 6,
      "71": 6,
      "72": 6,
      "73": 1,
      "74": 1
    },
    "f": {
      "0": 1,
      "1": 1,
      "2": 0,
      "3": 0,
      "4": 1,
      "5": 1,
      "6": 1,
      "7": 3,
      "8": 1,
      "9": 0,
      "10": 6,
      "11": 6,
      "12": 15,
      "13": 4,
      "14": 6
    },
    "b": {
      "0": [
        1,
        1,
        1
      ],
      "1": [
        1,
        0,
        0,
        0
      ],
      "2": [
        0,
        0
      ],
      "3": [
        0,
        1
      ],
      "4": [
        1,
        0
      ],
      "5": [
        0,
        1
      ],
      "6": [
        3,
        3,
        0
      ],
      "7": [
        0,
        0
      ],
      "8": [
        1,
        5
      ],
      "9": [
        1,
        5
      ],
      "10": [
        6,
        6
      ],
      "11": [
        5,
        1
      ],
      "12": [
        6,
        0
      ],
      "13": [
        2,
        4
      ],
      "14": [
        4,
        11
      ],
      "15": [
        1,
        3
      ],
      "16": [
        11,
        4
      ],
      "17": [
        15,
        15
      ],
      "18": [
        6,
        4
      ]
    },
    "inputSourceMap": {
      "version": 3,
      "file": "D:/Projects/custom-playground/g-diagrams/src/conversions/text-to-diagram/diagram-class-parser.ts",
      "sources": [
        "D:/Projects/custom-playground/g-diagrams/src/conversions/text-to-diagram/diagram-class-parser.ts"
      ],
      "names": [],
      "mappings": ";;;;;;;;;;;;;;;;;;AAAA,iEAA4D;AAI5D,gEAA8E;AAI9E,gFAA2E;AAE3E;IAAwC,sCAAmB;IAA3D;;IAkHA,CAAC;IAjHU,2CAAc,GAArB,UAAsB,cAAwB,EAAE,OAA4C;QAA5F,iBASC;QARG,cAAc,CAAC,OAAO,CAAC,UAAC,GAAG;YACvB,IAAM,QAAQ,GAAG,GAAG,CAAC,KAAK,CAAC,QAAQ,CAAC,CAAC;YAErC,IAAI,QAAQ,EAAE;gBACV,OAAO,OAAO,CAAC,YAAY,CAAC,KAAI,CAAC,WAAW,CAAC,GAAG,CAAC,CAAC,CAAC;aACtD;YACD,OAAO,CAAC,cAAc,CAAC,KAAI,CAAC,aAAa,CAAC,GAAG,CAAC,CAAC,CAAC;QACpD,CAAC,CAAC,CAAC;IACP,CAAC;IAEO,6DAAgC,GAAxC,UAAyC,OAAe;QACpD,IAAM,sBAAsB,GAAG,OAAO,CAAC,WAAW,CAAC,GAAG,CAAC,CAAC;QAExD,IAAI,sBAAsB,GAAG,CAAC,EAAE;YAC5B,OAAO,EAAC,MAAM,EAAE,OAAO,EAAE,UAAU,EAAE,SAAS,EAAC,CAAC;SACnD;QAED,OAAO;YACH,MAAM,EAAE,OAAO,CAAC,MAAM,CAAC,CAAC,EAAE,sBAAsB,CAAC;YACjD,UAAU,EAAE,OAAO,CAAC,SAAS,CAAC,sBAAsB,GAAG,CAAC,CAAC,CAAC,IAAI,EAAE;SACnE,CAAC;IACN,CAAC;IAEM,wCAAW,GAAlB,UAAmB,OAAe;QAC9B,IAAM,MAAM,GAAG,OAAO,CAAC,KAAK,CAAC,aAAa,CAAC,CAAC;QAEtC,IAAA,KAAuB,IAAI,CAAC,gCAAgC,CAAC,OAAO,CAAC,EAApE,MAAM,YAAA,EAAE,UAAU,gBAAkD,CAAC;QAE5E,IAAM,MAAM,GAAG,MAAM,CAAC,OAAO,CAAC,cAAc,EAAE,EAAE,CAAC,CAAC,IAAI,EAAE,CAAC,KAAK,CAAC,GAAG,CAAC,CAAC;QAEpE,IAAM,SAAS,GAAG,IAAI,CAAC,uBAAuB,CAAC,MAAM,EAAE,IAAI,CAAC,OAAO,CAAC,CAAC;QACrE,IAAM,OAAO,GAAG,MAAM,CAAC,MAAM,CAAC,MAAM,GAAG,CAAC,CAAC,CAAC;QAC1C,IAAM,IAAI,GAAG,OAAO,CAAC;QAErB,IAAM,iBAAiB,GAAG,UAAU,aAAV,UAAU,uBAAV,UAAU,CAAE,IAAI,EAAE,CAAC;QAE7C,OAAO;YACH,IAAI,MAAA;YACJ,QAAQ,EAAE,SAAS,CAAC,QAAQ;YAC5B,KAAK,EAAE,SAAS,CAAC,KAAK;YACtB,WAAW,EAAE,yCAAkB,CAAC,MAAM;YACtC,MAAM,EAAE,SAAS,CAAC,QAAQ;YAC1B,MAAM,EAAE,SAAS,CAAC,MAAM;YACxB,UAAU,EAAE,iBAAiB,CAAC,CAAC,CAAC,+BAAgB,CAAC,iBAAiB,CAAC,CAAC,CAAC,CAAC,0BAAW,CAAC,OAAO;YACzF,UAAU,EAAE,MAAM,CAAC,CAAC,CAAC,MAAM,CAAC,CAAC,CAAC,CAAC,KAAK,CAAC,SAAS,CAAC,CAAC,CAAC,CAAC,SAAS,CAAC,CAAC,CAAC,IAAI,CAAC,eAAe,CAAC,MAAM,CAAC,CAAC,CAAC,CAAC,IAAI,EAAE,EAAE,IAAI,CAAC,OAAO,CAAC,CAAC,CAAC,CAAC,SAAS;SACjI,CAAC;IACN,CAAC;IAED;;OAEG;IACI,0CAAa,GAApB,UAAqB,OAAe;QAC1B,IAAA,KAAuB,OAAO,CAAC,KAAK,CAAC,GAAG,CAAC,EAAxC,IAAI,QAAA,EAAE,YAAY,QAAsB,CAAC;QAC1C,IAAA,KAAkB,IAAI,CAAC,KAAK,CAAC,GAAG,CAAC,EAAhC,IAAI,QAAA,EAAE,OAAO,QAAmB,CAAC;QACxC,IAAM,IAAI,GAAG,+BAAgB,CAAC,OAAO,CAAC,CAAC;QAEvC,IAAM,UAAU,GAAG,IAAI,CAAC,IAAI,EAAE,CAAC,KAAK,CAAC,GAAG,CAAC,CAAC;QAE1C,IAAI,QAAQ,GAAG,KAAK,CAAC;QACrB,4CAA4C;QAC5C,IAAI,UAAU,CAAC,UAAU,CAAC,MAAM,GAAG,CAAC,CAAC,CAAC,QAAQ,CAAC,GAAG,CAAC,EAAE;YACjD,IAAM,SAAS,GAAG,UAAU,CAAC,UAAU,CAAC,MAAM,GAAG,CAAC,CAAC,CAAC;YACpD,IAAI,SAAS,KAAK,GAAG,EAAE;gBACnB,UAAU,CAAC,GAAG,EAAE,CAAC;aACpB;iBAAM;gBACH,UAAU,CAAC,UAAU,CAAC,MAAM,GAAG,CAAC,CAAC,GAAG,SAAS,CAAC,SAAS,CAAC,CAAC,EAAE,SAAS,CAAC,MAAM,GAAG,CAAC,CAAC,CAAC;aACpF;YACD,QAAQ,GAAG,IAAI,CAAC;SACnB;QAED,6BAA6B;QAC7B,IAAM,OAAO,GAAG,UAAU,CAAC,UAAU,CAAC,MAAM,GAAG,CAAC,CAAC,CAAC,OAAO,CAAC,MAAM,EAAE,EAAE,CAAC,CAAC;QACtE,IAAM,IAAI,GAAG,OAAO,CAAC;QAErB,IAAM,SAAS,GAAG,IAAI,CAAC,uBAAuB,CAAC,UAAU,EAAE,IAAI,CAAC,OAAO,CAAC,CAAC;QACzE,IAAM,mBAAmB,GAAG,YAAY,aAAZ,YAAY,uBAAZ,YAAY,CAAE,IAAI,EAAE,CAAC;QAEjD,OAAO;YACH,IAAI,MAAA;YACJ,QAAQ,UAAA;YACR,IAAI,MAAA;YACJ,YAAY,EAAE,mBAAmB;YACjC,KAAK,EAAE,SAAS,CAAC,KAAK;YACtB,QAAQ,EAAE,SAAS,CAAC,QAAQ;YAC5B,MAAM,EAAE,SAAS,CAAC,MAAM;YACxB,MAAM,EAAE,SAAS,CAAC,QAAQ;YAC1B,KAAK,EAAE,mBAAmB;YAC1B,WAAW,EAAE,yCAAkB,CAAC,QAAQ;SAC3C,CAAC;IACN,CAAC;IAED;;;;OAIG;IACK,4CAAe,GAAvB,UAAwB,MAAc,EAAE,OAAkC;QAA1E,iBAeC;QAdG,IAAM,aAAa,GAAG,MAAM,CAAC,SAAS,CAAC,CAAC,EAAE,MAAM,CAAC,MAAM,GAAG,CAAC,CAAC,CAAC;QAE7D,OAAO,aAAa,CAAC,KAAK,CAAC,GAAG,CAAC,CAAC,GAAG,CAAC,UAAC,KAAK,EAAE,KAAK;YAC7C,IAAM,aAAa,GAAG,KAAK,CAAC,IAAI,EAAE,CAAC;YACnC,IAAM,YAAY,GAAG,KAAI,CAAC,aAAa,CAAC,aAAa,CAAC,CAAC;YAEvD,OAAO;gBACH,KAAK,OAAA;gBACL,IAAI,EAAE,YAAY,CAAC,IAAI;gBACvB,IAAI,EAAE,YAAY,CAAC,IAAI;gBACvB,YAAY,EAAE,YAAY,CAAC,YAAY;gBACvC,QAAQ,EAAE,YAAY,CAAC,QAAQ,IAAI,YAAY,CAAC,YAAY,KAAK,SAAS;aAC7E,CAAC;QACN,CAAC,CAAC,CAAC;IACP,CAAC;IACL,yBAAC;AAAD,CAAC,AAlHD,CAAwC,2CAAmB,GAkH1D;AAlHY,gDAAkB",
      "sourcesContent": [
        "import {DiagramEntityParser} from \"./diagram-entity-parser\";\r\nimport {ClassDiagramParserOptions} from \"./class-diagram-parser-options\";\r\nimport {DiagramEntityFactory} from \"../../class/diagram-entity-factory\";\r\nimport {DiagramEntity} from \"../../class/entity/diagram-entity\";\r\nimport {DiagramType, ParseDiagramType} from \"../../class/common/diagram-type\";\r\nimport {DiagramMethodParameter} from \"../../class/method/diagram-method-parameter\";\r\nimport {DiagramMethod} from \"../../class/method/diagram-method\";\r\nimport {DiagramProperty} from \"../../class/property/diagram-property\";\r\nimport {DiagramElementType} from \"../../class/common/diagram-element-type\";\r\n\r\nexport class DiagramClassParser extends DiagramEntityParser {\r\n    public parseClassBody(bodyActiveRows: string[], factory: DiagramEntityFactory<DiagramEntity>): void {\r\n        bodyActiveRows.forEach((row) => {\r\n            const isMethod = row.match(/\\(.*\\)/);\r\n\r\n            if (isMethod) {\r\n                return factory.addMethodRaw(this.parseMethod(row));\r\n            }\r\n            factory.addPropertyRaw(this.parseProperty(row));\r\n        });\r\n    }\r\n\r\n    private getMethodAndReturnTypeFromMethod(content: string): { method: string, returnType?: string } {\r\n        const lastIndexOfTypeDivider = content.lastIndexOf(\":\");\r\n\r\n        if (lastIndexOfTypeDivider < 0) {\r\n            return {method: content, returnType: undefined};\r\n        }\r\n\r\n        return {\r\n            method: content.substr(0, lastIndexOfTypeDivider),\r\n            returnType: content.substring(lastIndexOfTypeDivider + 1).trim(),\r\n        };\r\n    }\r\n\r\n    public parseMethod(content: string): DiagramMethod {\r\n        const params = content.match(/\\((.|\\n)*\\)/);\r\n\r\n        const {method, returnType} = this.getMethodAndReturnTypeFromMethod(content);\r\n\r\n        const tokens = method.replace(/\\((.|\\n)*\\)/g, \"\").trim().split(\" \");\r\n\r\n        const modifiers = this.parseModifiersFromToken(tokens, this.options);\r\n        const rawName = tokens[tokens.length - 1];\r\n        const name = rawName;\r\n\r\n        const trimmedReturnType = returnType?.trim();\r\n\r\n        return {\r\n            name,\r\n            abstract: modifiers.abstract,\r\n            final: modifiers.final,\r\n            elementType: DiagramElementType.METHOD,\r\n            access: modifiers.accessor,\r\n            static: modifiers.static,\r\n            returnType: trimmedReturnType ? ParseDiagramType(trimmedReturnType) : DiagramType.Unknown,\r\n            parameters: params ? params[0].match(/\\(\\W*\\)/) ? undefined : this.getMethodParams(params[0].trim(), this.options) : undefined,\r\n        };\r\n    }\r\n\r\n    /**\r\n     * TODO: determine type from default value\r\n     */\r\n    public parseProperty(content: string): DiagramProperty {\r\n        const [data, defaultValue] = content.split(\"=\");\r\n        const [info, rawType] = data.split(\":\");\r\n        const type = ParseDiagramType(rawType);\r\n\r\n        const infoTokens = info.trim().split(\" \");\r\n\r\n        let optional = false;\r\n        // check 'name ?: string' or 'age ? :number'\r\n        if (infoTokens[infoTokens.length - 1].endsWith(\"?\")) {\r\n            const lastToken = infoTokens[infoTokens.length - 1];\r\n            if (lastToken === \"?\") {\r\n                infoTokens.pop();\r\n            } else {\r\n                infoTokens[infoTokens.length - 1] = lastToken.substring(0, lastToken.length - 1);\r\n            }\r\n            optional = true;\r\n        }\r\n\r\n        // TODO: check accessorPrefix\r\n        const rawName = infoTokens[infoTokens.length - 1].replace(/[;]/g, \"\");\r\n        const name = rawName;\r\n\r\n        const modifiers = this.parseModifiersFromToken(infoTokens, this.options);\r\n        const trimmedDefaultValue = defaultValue?.trim();\r\n\r\n        return {\r\n            name,\r\n            optional,\r\n            type,\r\n            defaultValue: trimmedDefaultValue,\r\n            final: modifiers.final,\r\n            abstract: modifiers.abstract,\r\n            static: modifiers.static,\r\n            access: modifiers.accessor,\r\n            value: trimmedDefaultValue,\r\n            elementType: DiagramElementType.PROPERTY,\r\n        };\r\n    }\r\n\r\n    /**\r\n     * @param params - `^(.*)$`\r\n     * @param options - options to parse params\r\n     * @private\r\n     */\r\n    private getMethodParams(params: string, options: ClassDiagramParserOptions): DiagramMethodParameter[] {\r\n        const cleanedParams = params.substring(1, params.length - 1);\r\n\r\n        return cleanedParams.split(\",\").map((param, index) => {\r\n            const trimmedParams = param.trim();\r\n            const propertyData = this.parseProperty(trimmedParams);\r\n\r\n            return {\r\n                index,\r\n                name: propertyData.name,\r\n                type: propertyData.type,\r\n                defaultValue: propertyData.defaultValue,\r\n                optional: propertyData.optional || propertyData.defaultValue !== undefined,\r\n            };\r\n        });\r\n    }\r\n}\r\n"
      ]
    },
    "_coverageSchema": "1a1c01bbd47fc00a2c39e90264f33305004495a9",
    "hash": "9212680e2a482e5d7b1695bdeda60b95ae9eb274",
    "contentHash": "5d33d65aca51e086fef1fd928d37cfb04ab95baa97720fbd4f8ddec31772eb9c"
  },
  "D:\\Projects\\custom-playground\\g-diagrams\\src\\conversions\\text-to-diagram\\diagram-entity-parser.ts": {
    "path": "D:\\Projects\\custom-playground\\g-diagrams\\src\\conversions\\text-to-diagram\\diagram-entity-parser.ts",
    "statementMap": {
      "0": {
        "start": {
          "line": 2,
          "column": 16
        },
        "end": {
          "line": 16,
          "column": 4
        }
      },
      "1": {
        "start": {
          "line": 3,
          "column": 24
        },
        "end": {
          "line": 8,
          "column": 5
        }
      },
      "2": {
        "start": {
          "line": 4,
          "column": 8
        },
        "end": {
          "line": 6,
          "column": 110
        }
      },
      "3": {
        "start": {
          "line": 5,
          "column": 69
        },
        "end": {
          "line": 5,
          "column": 85
        }
      },
      "4": {
        "start": {
          "line": 6,
          "column": 30
        },
        "end": {
          "line": 6,
          "column": 107
        }
      },
      "5": {
        "start": {
          "line": 6,
          "column": 47
        },
        "end": {
          "line": 6,
          "column": 107
        }
      },
      "6": {
        "start": {
          "line": 6,
          "column": 95
        },
        "end": {
          "line": 6,
          "column": 107
        }
      },
      "7": {
        "start": {
          "line": 7,
          "column": 8
        },
        "end": {
          "line": 7,
          "column": 35
        }
      },
      "8": {
        "start": {
          "line": 9,
          "column": 4
        },
        "end": {
          "line": 15,
          "column": 6
        }
      },
      "9": {
        "start": {
          "line": 10,
          "column": 8
        },
        "end": {
          "line": 11,
          "column": 102
        }
      },
      "10": {
        "start": {
          "line": 11,
          "column": 12
        },
        "end": {
          "line": 11,
          "column": 102
        }
      },
      "11": {
        "start": {
          "line": 12,
          "column": 8
        },
        "end": {
          "line": 12,
          "column": 28
        }
      },
      "12": {
        "start": {
          "line": 13,
          "column": 24
        },
        "end": {
          "line": 13,
          "column": 45
        }
      },
      "13": {
        "start": {
          "line": 14,
          "column": 8
        },
        "end": {
          "line": 14,
          "column": 93
        }
      },
      "14": {
        "start": {
          "line": 17,
          "column": 0
        },
        "end": {
          "line": 17,
          "column": 62
        }
      },
      "15": {
        "start": {
          "line": 18,
          "column": 0
        },
        "end": {
          "line": 18,
          "column": 37
        }
      },
      "16": {
        "start": {
          "line": 19,
          "column": 32
        },
        "end": {
          "line": 19,
          "column": 68
        }
      },
      "17": {
        "start": {
          "line": 20,
          "column": 32
        },
        "end": {
          "line": 20,
          "column": 85
        }
      },
      "18": {
        "start": {
          "line": 21,
          "column": 28
        },
        "end": {
          "line": 21,
          "column": 77
        }
      },
      "19": {
        "start": {
          "line": 22,
          "column": 41
        },
        "end": {
          "line": 75,
          "column": 50
        }
      },
      "20": {
        "start": {
          "line": 23,
          "column": 4
        },
        "end": {
          "line": 23,
          "column": 43
        }
      },
      "21": {
        "start": {
          "line": 25,
          "column": 8
        },
        "end": {
          "line": 25,
          "column": 49
        }
      },
      "22": {
        "start": {
          "line": 25,
          "column": 34
        },
        "end": {
          "line": 25,
          "column": 47
        }
      },
      "23": {
        "start": {
          "line": 27,
          "column": 8
        },
        "end": {
          "line": 30,
          "column": 19
        }
      },
      "24": {
        "start": {
          "line": 32,
          "column": 4
        },
        "end": {
          "line": 48,
          "column": 6
        }
      },
      "25": {
        "start": {
          "line": 33,
          "column": 32
        },
        "end": {
          "line": 33,
          "column": 114
        }
      },
      "26": {
        "start": {
          "line": 34,
          "column": 8
        },
        "end": {
          "line": 36,
          "column": 9
        }
      },
      "27": {
        "start": {
          "line": 35,
          "column": 12
        },
        "end": {
          "line": 35,
          "column": 19
        }
      },
      "28": {
        "start": {
          "line": 37,
          "column": 31
        },
        "end": {
          "line": 37,
          "column": 59
        }
      },
      "29": {
        "start": {
          "line": 38,
          "column": 8
        },
        "end": {
          "line": 47,
          "column": 11
        }
      },
      "30": {
        "start": {
          "line": 39,
          "column": 41
        },
        "end": {
          "line": 39,
          "column": 63
        }
      },
      "31": {
        "start": {
          "line": 40,
          "column": 12
        },
        "end": {
          "line": 42,
          "column": 13
        }
      },
      "32": {
        "start": {
          "line": 41,
          "column": 16
        },
        "end": {
          "line": 41,
          "column": 23
        }
      },
      "33": {
        "start": {
          "line": 43,
          "column": 12
        },
        "end": {
          "line": 45,
          "column": 13
        }
      },
      "34": {
        "start": {
          "line": 44,
          "column": 16
        },
        "end": {
          "line": 44,
          "column": 75
        }
      },
      "35": {
        "start": {
          "line": 46,
          "column": 12
        },
        "end": {
          "line": 46,
          "column": 81
        }
      },
      "36": {
        "start": {
          "line": 49,
          "column": 4
        },
        "end": {
          "line": 54,
          "column": 6
        }
      },
      "37": {
        "start": {
          "line": 50,
          "column": 29
        },
[...]
            "line": 101,
            "column": 44
          }
        },
        "loc": {
          "start": {
            "line": 101,
            "column": 55
          },
          "end": {
            "line": 112,
            "column": 5
          }
        },
        "line": 101
      },
      "20": {
        "name": "(anonymous_20)",
        "decl": {
          "start": {
            "line": 113,
            "column": 48
          },
          "end": {
            "line": 113,
            "column": 49
          }
        },
        "loc": {
          "start": {
            "line": 113,
            "column": 60
          },
          "end": {
            "line": 126,
            "column": 5
          }
        },
        "line": 113
      },
      "21": {
        "name": "(anonymous_21)",
        "decl": {
          "start": {
            "line": 127,
            "column": 47
          },
          "end": {
            "line": 127,
            "column": 48
          }
        },
        "loc": {
          "start": {
            "line": 127,
            "column": 59
          },
          "end": {
            "line": 135,
            "column": 5
          }
        },
        "line": 127
      },
      "22": {
        "name": "(anonymous_22)",
        "decl": {
          "start": {
            "line": 136,
            "column": 52
          },
          "end": {
            "line": 136,
            "column": 53
          }
        },
        "loc": {
          "start": {
            "line": 136,
            "column": 64
          },
          "end": {
            "line": 147,
            "column": 5
          }
        },
        "line": 136
      }
    },
    "branchMap": {
      "0": {
        "loc": {
          "start": {
            "line": 37,
            "column": 8
          },
          "end": {
            "line": 39,
            "column": 9
          }
        },
        "type": "if",
        "locations": [
          {
            "start": {
              "line": 37,
              "column": 8
            },
            "end": {
              "line": 39,
              "column": 9
            }
          },
          {
            "start": {
              "line": 37,
              "column": 8
            },
            "end": {
              "line": 39,
              "column": 9
            }
          }
        ],
        "line": 37
      },
      "1": {
        "loc": {
          "start": {
            "line": 102,
            "column": 8
          },
          "end": {
            "line": 111,
            "column": 9
          }
        },
        "type": "switch",
        "locations": [
          {
            "start": {
              "line": 103,
              "column": 12
            },
            "end": {
              "line": 104,
              "column": 41
            }
          },
          {
            "start": {
              "line": 105,
              "column": 12
            },
            "end": {
              "line": 106,
              "column": 45
            }
          },
          {
            "start": {
              "line": 107,
              "column": 12
            },
            "end": {
              "line": 108,
              "column": 40
            }
          },
          {
            "start": {
              "line": 109,
              "column": 12
            },
            "end": {
              "line": 110,
              "column": 78
            }
          }
        ],
        "line": 102
      },
      "2": {
        "loc": {
          "start": {
            "line": 117,
            "column": 20
          },
          "end": {
            "line": 117,
            "column": 48
          }
        },
        "type": "binary-expr",
        "locations": [
          {
            "start": {
              "line": 117,
              "column": 20
            },
            "end": {
              "line": 117,
              "column": 31
            }
          },
          {
            "start": {
              "line": 117,
              "column": 35
            },
            "end": {
              "line": 117,
              "column": 48
            }
          }
        ],
        "line": 117
      },
      "3": {
        "loc": {
          "start": {
            "line": 131,
            "column": 20
          },
          "end": {
            "line": 131,
            "column": 48
          }
        },
        "type": "binary-expr",
        "locations": [
          {
            "start": {
              "line": 131,
              "column": 20
            },
            "end": {
              "line": 131,
              "column": 31
            }
          },
          {
            "start": {
              "line": 131,
              "column": 35
            },
            "end": {
              "line": 131,
              "column": 48
            }
          }
        ],
        "line": 131
      },
      "4": {
        "loc": {
          "start": {
            "line": 140,
            "column": 20
          },
          "end": {
            "line": 140,
            "column": 48
          }
        },
        "type": "binary-expr",
        "locations": [
          {
            "start": {
              "line": 140,
              "column": 20
            },
            "end": {
              "line": 140,
              "column": 31
            }
          },
          {
            "start": {
              "line": 140,
              "column": 35
            },
            "end": {
              "line": 140,
              "column": 48
            }
          }
        ],
        "line": 140
      }
    },
    "s": {
      "0": 1,
      "1": 1,
      "2": 1,
      "3": 1,
      "4": 1,
      "5": 1,
      "6": 1,
      "7": 1,
      "8": 1,
      "9": 1,
      "10": 1,
      "11": 1,
      "12": 1,
      "13": 1,
      "14": 1,
      "15": 1,
      "16": 1,
      "17": 1,
      "18": 1,
      "19": 0,
      "20": 1,
      "21": 0,
      "22": 1,
      "23": 0,
      "24": 0,
      "25": 1,
      "26": 0,
      "27": 1,
      "28": 0,
      "29": 0,
      "30": 0,
      "31": 1,
      "32": 0,
      "33": 0,
      "34": 0,
      "35": 0,
      "36": 0,
      "37": 0,
      "38": 1,
      "39": 0,
      "40": 0,
      "41": 1,
      "42": 0,
      "43": 1,
      "44": 0,
      "45": 1,
      "46": 0,
      "47": 1,
      "48": 0,
      "49": 1,
      "50": 0,
      "51": 0,
      "52": 1,
      "53": 0,
      "54": 1,
      "55": 0,
      "56": 0,
      "57": 0,
      "58": 0,
      "59": 0,
      "60": 1,
      "61": 0,
      "62": 0,
      "63": 0,
      "64": 0,
      "65": 0,
      "66": 1,
      "67": 0,
      "68": 0,
      "69": 0,
      "70": 0,
      "71": 0,
      "72": 1,
      "73": 1,
      "74": 1,
      "75": 0,
      "76": 0,
      "77": 0,
      "78": 1,
      "79": 1,
      "80": 1,
      "81": 0,
      "82": 1,
      "83": 0,
      "84": 1,
      "85": 1
    },
    "f": {
      "0": 1,
      "1": 1,
      "2": 1,
      "3": 0,
      "4": 0,
      "5": 0,
      "6": 0,
      "7": 0,
      "8": 0,
      "9": 0,
      "10": 0,
      "11": 0,
      "12": 0,
      "13": 0,
      "14": 0,
      "15": 0,
      "16": 0,
      "17": 0,
      "18": 0,
      "19": 1,
      "20": 1,
      "21": 0,
      "22": 0
    },
    "b": {
      "0": [
        0,
        0
      ],
      "1": [
        1,
        0,
        0,
        0
      ],
      "2": [
        1,
        0
      ],
      "3": [
        0,
        0
      ],
      "4": [
        0,
        0
      ]
    },
    "inputSourceMap": {
      "version": 3,
      "file": "D:/Projects/custom-playground/g-diagrams/src/class/diagram-entity-factory.ts",
      "sources": [
        "D:/Projects/custom-playground/g-diagrams/src/class/diagram-entity-factory.ts"
      ],
      "names": [],
      "mappings": ";;;AAAA,4EAAuE;AACvE,sEAAiE;AAEjE,sDAAkD;AAGlD,oEAA+D;AAO/D,IAAM,aAAa,GAAG,+CAAqB,CAAC,MAAM,CAAC;AAEnD;IASI,8BACqB,IAAuB,EACvB,IAAY;QADZ,SAAI,GAAJ,IAAI,CAAmB;QACvB,SAAI,GAAJ,IAAI,CAAQ;QAVhB,eAAU,GAAsB,EAAE,CAAC;QACnC,YAAO,GAAoB,EAAE,CAAC;QAEvC,qBAAgB,GAAkB,EAAE,CAAC;QAC5B,aAAQ,GAAqB,EAAE,CAAC;QACzC,WAAM,GAA0B,aAAa,CAAC;QAC9C,aAAQ,GAAG,KAAK,CAAC;IAMzB,CAAC;IAEa,gCAAW,GAAzB,UAA0B,IAAY;QAClC,OAAO,IAAI,oBAAoB,CAAC,uCAAiB,CAAC,KAAK,EAAE,IAAI,CAAC,CAAC;IACnE,CAAC;IAEa,+BAAU,GAAxB,UAAyB,IAAY;QACjC,OAAO,IAAI,oBAAoB,CAAC,uCAAiB,CAAC,IAAI,EAAE,IAAI,CAAC,CAAC;IAClE,CAAC;IAEa,oCAAe,GAA7B,UAA8B,IAAY;QACtC,OAAO,IAAI,oBAAoB,CAAC,uCAAiB,CAAC,SAAS,EAAE,IAAI,CAAC,CAAC;IACvE,CAAC;IAEM,6CAAc,GAArB,UAAsB,QAA8C;QAChE,IAAI,CAAC,UAAU,CAAC,IAAI,CAChB,MAAM,CAAC,MAAM,CAAC,QAAQ,EAAE,EAAC,WAAW,EAAE,yCAAkB,CAAC,QAAQ,EAAC,CAAoB,CACzF,CAAC;QAEF,OAAO,IAAI,CAAC;IAChB,CAAC;IAEM,+CAAgB,GAAvB,UAAwB,MAAc;QAClC,IAAI,CAAC,YAAY,GAAG,0BAAW,CAAC,IAAI,CAAC,MAAM,CAAC,CAAC;IACjD,CAAC;IAEM,kDAAmB,GAA1B,UAA2B,MAAc;QACrC,IAAI,IAAI,CAAC,IAAI,KAAK,uCAAiB,CAAC,KAAK,EAAE;YACvC,MAAM,IAAI,KAAK,CAAC,mCAAmC,CAAC,CAAC;SACxD;QACD,IAAI,CAAC,gBAAgB,CAAC,IAAI,CAAC,0BAAW,CAAC,IAAI,CAAC,MAAM,CAAC,CAAC,CAAC;IACzD,CAAC;IAEM,0CAAW,GAAlB;;QAAmB,kBAA6B;aAA7B,UAA6B,EAA7B,qBAA6B,EAA7B,IAA6B;YAA7B,6BAA6B;;QAC5C,CAAA,KAAA,IAAI,CAAC,QAAQ,CAAA,CAAC,IAAI,WAAI,QAAQ,EAAE;QAEhC,OAAO,IAAI,CAAC;IAChB,CAAC;IAEM,0CAAW,GAAlB,UAAmB,QAAiB;QAChC,IAAI,CAAC,QAAQ,GAAG,QAAQ,CAAC;QAEzB,OAAO,IAAI,CAAC;IAChB,CAAC;IAEM,0CAAW,GAAlB,UACI,IAAY,EACZ,IAAiB,EACjB,MAA6B,EAC7B,OAA8F;QAE9F,OAAO,IAAI,CAAC,cAAc,CACtB,MAAM,CAAC,MAAM,CAAC,EAAE,EAAE,OAAO,EAAE,EAAC,IAAI,MAAA,EAAE,IAAI,MAAA,EAAE,MAAM,QAAA,EAAC,CAAoB,CACtE,CAAC;IACN,CAAC;IAEM,iDAAkB,GAAzB,UAA0B,IAAY,EAAE,IAAiB,EAAE,YAAqB;QAC5E,OAAO,IAAI,CAAC,WAAW,CAAC,IAAI,EAAE,IAAI,EAAE,+CAAqB,CAAC,OAAO,EAAE,EAAC,YAAY,cAAA,EAAQ,CAAC,CAAC;IAC9F,CAAC;IAEM,gDAAiB,GAAxB,UAAyB,IAAY,EAAE,IAAiB,EAAE,YAAqB;QAC3E,OAAO,IAAI,CAAC,WAAW,CAAC,IAAI,EAAE,IAAI,EAAE,+CAAqB,CAAC,MAAM,EAAE,EAAC,YAAY,cAAA,EAAQ,CAAC,CAAC;IAC7F,CAAC;IAEM,qDAAsB,GAA7B,UAA8B,IAAY,EAAE,IAAiB,EAAE,YAAqB;QAChF,OAAO,IAAI,CAAC,WAAW,CAAC,IAAI,EAAE,IAAI,EAAE,+CAAqB,CAAC,MAAM,EAAE,EAAC,YAAY,cAAA,EAAE,KAAK,EAAE,IAAI,EAAQ,CAAC,CAAC;IAC1G,CAAC;IAEM,2CAAY,GAAnB,UAAoB,MAA0C;QAC1D,IAAI,CAAC,OAAO,CAAC,IAAI,CACb,MAAM,CAAC,MAAM,CAAC,MAAM,EAAE,EAAC,WAAW,EAAE,yCAAkB,CAAC,MAAM,EAAC,CAAkB,CACnF,CAAC;QAEF,OAAO,IAAI,CAAC;IAChB,CAAC;IAEM,wCAAS,GAAhB,UACI,IAAY,EACZ,UAAuB,EACvB,MAA6B,EAC7B,UAAoC,EACpC,OAA2E;QAE3E,OAAO,IAAI,CAAC,YAAY,CACpB,MAAM,CAAC,MAAM,CAAC,EAAE,EAAE,OAAO,EAAE,EAAC,IAAI,MAAA,EAAE,MAAM,QAAA,EAAE,UAAU,YAAA,EAAE,UAAU,YAAA,EAAC,CAA6B,CACjG,CAAC;IACN,CAAC;IAEM,qDAAsB,GAA7B,UAA8B,IAAY,EAAE,UAAuB,EAAE,QAA0B;QAAE,oBAAuC;aAAvC,UAAuC,EAAvC,qBAAuC,EAAvC,IAAuC;YAAvC,mCAAuC;;QACpI,OAAO,IAAI,CAAC,YAAY,CAAC;YACrB,IAAI,MAAA;YACJ,UAAU,YAAA;YACV,UAAU,YAAA;YACV,QAAQ,UAAA;YACR,MAAM,EAAE,+CAAqB,CAAC,MAAM;SACvC,CAAC,CAAC;IACP,CAAC;IAEM,8CAAe,GAAtB,UAAuB,IAAY,EAAE,UAAuB;QAAE,oBAAuC;aAAvC,UAAuC,EAAvC,qBAAuC,EAAvC,IAAuC;YAAvC,mCAAuC;;QACjG,OAAO,IAAI,CAAC,SAAS,CAAC,IAAI,EAAE,UAAU,EAAE,+CAAqB,CAAC,MAAM,EAAE,UAAU,CAAC,CAAC;IACtF,CAAC;IAEM,+CAAgB,GAAvB,UAAwB,IAAY,EAAE,UAAuB;QAAE,oBAAuC;aAAvC,UAAuC,EAAvC,qBAAuC,EAAvC,IAAuC;YAAvC,mCAAuC;;QAClG,OAAO,IAAI,CAAC,SAAS,CAAC,IAAI,EAAE,UAAU,EAAE,+CAAqB,CAAC,OAAO,EAAE,UAAU,CAAC,CAAC;IACvF,CAAC;IAEM,oCAAK,GAAZ;QACI,QAAQ,IAAI,CAAC,IAAI,EAAE;YACf,KAAK,uCAAiB,CAAC,KAAK;gBACxB,OAAO,IAAI,CAAC,UAAU,EAAkB,CAAC;YAC7C,KAAK,uCAAiB,CAAC,SAAS;gBAC5B,OAAO,IAAI,CAAC,cAAc,EAAkB,CAAC;YACjD,KAAK,uCAAiB,CAAC,IAAI;gBACvB,OAAO,IAAI,CAAC,SAAS,EAAkB,CAAC;YAC5C;gBACI,MAAM,IAAI,KAAK,CAAC,gCAAgC,GAAG,IAAI,CAAC,IAAI,CAAC,CAAC;SACrE;IACL,CAAC;IAEO,yCAAU,GAAlB;QACI,OAAO;YACH,WAAW,EAAE,yCAAkB,CAAC,MAAM;YACtC,IAAI,EAAE,IAAI,CAAC,IAAI;YACf,MAAM,EAAE,IAAI,CAAC,MAAM,IAAI,aAAa;YACpC,IAAI,EAAE,uCAAiB,CAAC,KAAK;YAC7B,UAAU,EAAE,IAAI,CAAC,UAAU;YAC3B,OAAO,EAAE,IAAI,CAAC,OAAO;YACrB,QAAQ,EAAE,IAAI,CAAC,QAAQ;YACvB,QAAQ,EAAE,IAAI,CAAC,QAAQ;YACvB,YAAY,EAAE,IAAI,CAAC,YAAY;YAC/B,gBAAgB,EAAE,IAAI,CAAC,gBAAgB;SAC1C,CAAC;IACN,CAAC;IAEO,wCAAS,GAAjB;QACI,OAAO;YACH,WAAW,EAAE,yCAAkB,CAAC,MAAM;YACtC,IAAI,EAAE,IAAI,CAAC,IAAI;YACf,MAAM,EAAE,IAAI,CAAC,MAAM,IAAI,aAAa;YACpC,IAAI,EAAE,uCAAiB,CAAC,IAAI;YAC5B,UAAU,EAAE,IAAI,CAAC,UAAU;SAC9B,CAAC;IACN,CAAC;IAEO,6CAAc,GAAtB;QACI,OAAO;YACH,WAAW,EAAE,yCAAkB,CAAC,MAAM;YACtC,IAAI,EAAE,IAAI,CAAC,IAAI;YACf,MAAM,EAAE,IAAI,CAAC,MAAM,IAAI,aAAa;YACpC,IAAI,EAAE,uCAAiB,CAAC,SAAS;YACjC,UAAU,EAAE,IAAI,CAAC,UAAU;YAC3B,OAAO,EAAE,IAAI,CAAC,OAAO;YACrB,QAAQ,EAAE,IAAI,CAAC,QAAQ;YACvB,YAAY,EAAE,IAAI,CAAC,YAAY;SAClC,CAAC;IACN,CAAC;IACL,2BAAC;AAAD,CAAC,AAzKD,IAyKC;AAzKY,oDAAoB",
      "sourcesContent": [
        "import {DiagramAccessModifier} from \"./common/diagram-access-modifier\";\r\nimport {DiagramElementType} from \"./common/diagram-element-type\";\r\nimport {DiagramGeneric} from \"./common/diagram-generic\";\r\nimport {DiagramType} from \"./common/diagram-type\";\r\nimport {DiagramClass} from \"./entity/diagram-class\";\r\nimport {DiagramEntity} from \"./entity/diagram-entity\";\r\nimport {DiagramEntityType} from \"./entity/diagram-entity-type\";\r\nimport {DiagramEnum} from \"./entity/diagram-enum\";\r\nimport {DiagramInterface} from \"./entity/diagram-interface\";\r\nimport {DiagramMethod} from \"./method/diagram-method\";\r\nimport {DiagramMethodParameter} from \"./method/diagram-method-parameter\";\r\nimport {DiagramProperty} from \"./property/diagram-property\";\r\n\r\nconst defaultAccess = DiagramAccessModifier.PUBLIC;\r\n\r\nexport class DiagramEntityFactory<T extends DiagramEntity> {\r\n    private readonly properties: DiagramProperty[] = [];\r\n    private readonly methods: DiagramMethod[] = [];\r\n    private parentExtend?: DiagramType;\r\n    private parentImplements: DiagramType[] = [];\r\n    private readonly generics: DiagramGeneric[] = [];\r\n    private access: DiagramAccessModifier = defaultAccess;\r\n    private abstract = false;\r\n\r\n    public constructor(\r\n        private readonly type: DiagramEntityType,\r\n        private readonly name: string,\r\n    ) {\r\n    }\r\n\r\n    public static createClass(name: string): DiagramEntityFactory<DiagramClass> {\r\n        return new DiagramEntityFactory(DiagramEntityType.CLASS, name);\r\n    }\r\n\r\n    public static createEnum(name: string): DiagramEntityFactory<DiagramEnum> {\r\n        return new DiagramEntityFactory(DiagramEntityType.ENUM, name);\r\n    }\r\n\r\n    public static createInterface(name: string): DiagramEntityFactory<DiagramInterface> {\r\n        return new DiagramEntityFactory(DiagramEntityType.INTERFACE, name);\r\n    }\r\n\r\n    public addPropertyRaw(property: Omit<DiagramProperty, \"elementType\">): this {\r\n        this.properties.push(\r\n            Object.assign(property, {elementType: DiagramElementType.PROPERTY}) as DiagramProperty,\r\n        );\r\n\r\n        return this;\r\n    }\r\n\r\n    public setParentExtends(parent: string): void {\r\n        this.parentExtend = DiagramType.Link(parent);\r\n    }\r\n\r\n    public addParentImplements(parent: string): void {\r\n        if (this.type !== DiagramEntityType.CLASS) {\r\n            throw new Error(\"Only class cen implements objects\");\r\n        }\r\n        this.parentImplements.push(DiagramType.Link(parent));\r\n    }\r\n\r\n    public addGenerics(...generics: DiagramGeneric[]): this {\r\n        this.generics.push(...generics);\r\n\r\n        return this;\r\n    }\r\n\r\n    public setAbstract(abstract: boolean): this {\r\n        this.abstract = abstract;\r\n\r\n        return this;\r\n    }\r\n\r\n    public addProperty(\r\n        name: string,\r\n        type: DiagramType,\r\n        access: DiagramAccessModifier,\r\n        options?: Pick<DiagramProperty, \"static\" | \"final\" | \"optional\" | \"abstract\" | \"defaultValue\">,\r\n    ): this {\r\n        return this.addPropertyRaw(\r\n            Object.assign({}, options, {name, type, access}) as DiagramProperty,\r\n        );\r\n    }\r\n\r\n    public addPrivateProperty(name: string, type: DiagramType, defaultValue?: string): this {\r\n        return this.addProperty(name, type, DiagramAccessModifier.PRIVATE, {defaultValue} as any);\r\n    }\r\n\r\n    public addPublicProperty(name: string, type: DiagramType, defaultValue?: string): this {\r\n        return this.addProperty(name, type, DiagramAccessModifier.PUBLIC, {defaultValue} as any);\r\n    }\r\n\r\n    public addPublicFinalProperty(name: string, type: DiagramType, defaultValue?: string): this {\r\n        return this.addProperty(name, type, DiagramAccessModifier.PUBLIC, {defaultValue, final: true} as any);\r\n    }\r\n\r\n    public addMethodRaw(method: Omit<DiagramMethod, \"elementType\">): this {\r\n        this.methods.push(\r\n            Object.assign(method, {elementType: DiagramElementType.METHOD}) as DiagramMethod,\r\n        );\r\n\r\n        return this;\r\n    }\r\n\r\n    public addMethod(\r\n        name: string,\r\n        returnType: DiagramType,\r\n        access: DiagramAccessModifier,\r\n        parameters: DiagramMethodParameter[],\r\n        options?: Pick<DiagramMethod, \"static\" | \"final\" | \"optional\" | \"abstract\">,\r\n    ): this {\r\n        return this.addMethodRaw(\r\n            Object.assign({}, options, {name, access, returnType, parameters}) as unknown as DiagramMethod,\r\n        );\r\n    }\r\n\r\n    public addPublicGenericMethod(name: string, returnType: DiagramType, generics: DiagramGeneric[], ...parameters: DiagramMethodParameter[]): this {\r\n        return this.addMethodRaw({\r\n            name,\r\n            returnType,\r\n            parameters,\r\n            generics,\r\n            access: DiagramAccessModifier.PUBLIC,\r\n        });\r\n    }\r\n\r\n    public addPublicMethod(name: string, returnType: DiagramType, ...parameters: DiagramMethodParameter[]): this {\r\n        return this.addMethod(name, returnType, DiagramAccessModifier.PUBLIC, parameters);\r\n    }\r\n\r\n    public addPrivateMethod(name: string, returnType: DiagramType, ...parameters: DiagramMethodParameter[]): this {\r\n        return this.addMethod(name, returnType, DiagramAccessModifier.PRIVATE, parameters);\r\n    }\r\n\r\n    public build(): T {\r\n        switch (this.type) {\r\n            case DiagramEntityType.CLASS:\r\n                return this.buildClass() as unknown as T;\r\n            case DiagramEntityType.INTERFACE:\r\n                return this.buildInterface() as unknown as T;\r\n            case DiagramEntityType.ENUM:\r\n                return this.buildEnum() as unknown as T;\r\n            default:\r\n                throw new Error(\"Cannot build entity with type \" + this.type);\r\n        }\r\n    }\r\n\r\n    private buildClass(): DiagramClass {\r\n        return {\r\n            elementType: DiagramElementType.ENTITY,\r\n            name: this.name,\r\n            access: this.access || defaultAccess,\r\n            type: DiagramEntityType.CLASS,\r\n            properties: this.properties,\r\n            methods: this.methods,\r\n            generics: this.generics,\r\n            abstract: this.abstract,\r\n            parentExtend: this.parentExtend,\r\n            parentImplements: this.parentImplements,\r\n        };\r\n    }\r\n\r\n    private buildEnum(): DiagramEnum {\r\n        return {\r\n            elementType: DiagramElementType.ENTITY,\r\n            name: this.name,\r\n            access: this.access || defaultAccess,\r\n            type: DiagramEntityType.ENUM,\r\n            properties: this.properties,\r\n        };\r\n    }\r\n\r\n    private buildInterface(): DiagramInterface {\r\n        return {\r\n            elementType: DiagramElementType.ENTITY,\r\n            name: this.name,\r\n            access: this.access || defaultAccess,\r\n            type: DiagramEntityType.INTERFACE,\r\n            properties: this.properties,\r\n            methods: this.methods,\r\n            generics: this.generics,\r\n            parentExtend: this.parentExtend,\r\n        };\r\n    }\r\n}\r\n"
      ]
    },
    "_coverageSchema": "1a1c01bbd47fc00a2c39e90264f33305004495a9",
    "hash": "f618f6d95ef6064d605c73bc5b6f0cb94392218e",
    "contentHash": "a9f1bea7cd76975c8eaed5c70f3694fd5d4fa6c8cdedfc13824f45da23a3bdcb"
  }
}